<?xml version="1.0" encoding="utf-8"?>
<TestRun id="354bb39f-f3d5-49f9-b7e1-208772b6f616" name="ilalonde@KOR-1001 2026-08-27 16:22:33" runUser="kor\ilalonde" xmlns="http://microsoft.com/schemas/VisualStudio/TeamTest/2010">
  <Times creation="2026-08-27T16:22:33.9970378-07:00" queuing="2026-08-27T16:22:33.9970384-07:00" start="2026-08-27T16:22:33.1701134-07:00" finish="2026-08-27T16:24:11.2396092-07:00" />
  <TestSettings name="default" id="789eeaee-450c-4b06-94ee-1d8c29d3d7c4">
    <Deployment runDeploymentRoot="ilalonde_KOR-1001_2026-08-27_16_22_33" />
  </TestSettings>
  <Results>
    <UnitTestResult executionId="dfce218b-cc7b-43b9-aa84-de86f1dc97c8" testId="073ccc95-0ff6-9200-20ca-ed98074582bf" testName="Kor.Operations.App.Tests.BdReports.SectorReportDefinitionCatalogTests.Filters_ReferenceOnlyTheMpiAlias" computerName="KOR-1001" duration="00:00:00.0001774" startTime="2026-08-27T16:23:33.7378890-07:00" endTime="2026-08-27T16:23:33.7378890-07:00" testType="13cdc9d9-ddb5-4fa4-a97d-d965ccfc6d4b" outcome="Passed" testListId="8c84fa94-04c1-424b-9868-57a2d4851a1d" relativeResultsDirectory="dfce218b-cc7b-43b9-aa84-de86f1dc97c8" />
    <UnitTestResult executionId="3a6465e1-3425-4691-81ac-2f6cf0bad1b1" testId="c25df88d-5ebb-9e65-93f1-68396e3e76c6" testName="Kor.Operations.Tests.Financials.MetricDefinitions.MetricDefinitionsAiContextTests.TryGetAiMethodology_IncludesFormula_WhenFormulaPopulated" computerName="KOR-1001" duration="00:00:00.0000227" startTime="2026-08-27T16:23:31.1511610-07:00" endTime="2026-08-27T16:23:31.1511610-07:00" testType="13cdc9d9-ddb5-4fa4-a97d-d965ccfc6d4b" outcome="Passed" testListId="8c84fa94-04c1-424b-9868-57a2d4851a1d" relativeResultsDirectory="3a6465e1-3425-4691-81ac-2f6cf0bad1b1" />
    <UnitTestResult executionId="d0d4f0dd-b9f8-4a51-bfa5-29dee60f6d28" testId="ddecb061-50b2-5a5f-9d2a-02bcd7ab06b5" testName="Kor.Operations.Tests.Financials.MetricDefinitions.ToolDefinitionDriftTests.Phrase_AppearsInBothDefinitionAndTool(definitionKey: &quot;Billed_Expenses&quot;, toolFile: &quot;BilledPnLTool.cs&quot;, phrase: &quot;8300&quot;)" computerName="KOR-1001" duration="00:00:00.0001153" startTime="2026-08-27T16:22:37.2678920-07:00" endTime="2026-08-27T16:22:37.2678920-07:00" testType="13cdc9d9-ddb5-4fa4-a97d-d965ccfc6d4b" outcome="Passed" testListId="8c84fa94-04c1-424b-9868-57a2d4851a1d" relativeResultsDirectory="d0d4f0dd-b9f8-4a51-bfa5-29dee60f6d28" />
    <UnitTestResult executionId="0b5c77ea-73d6-4de9-a01a-d0ed51a0f5c9" testId="e3d71531-b366-3225-ecaa-c2ce4d46091b" testName="Kor.Operations.Tests.FinancialCalculationTests.SafeDiv_Double_NormalDivision" computerName="KOR-1001" duration="00:00:00.0000205" startTime="2026-08-27T16:22:37.6496837-07:00" endTime="2026-08-27T16:22:37.6496837-07:00" testType="13cdc9d9-ddb5-4fa4-a97d-d965ccfc6d4b" outcome="Passed" testListId="8c84fa94-04c1-424b-9868-57a2d4851a1d" relativeResultsDirectory="0b5c77ea-73d6-4de9-a01a-d0ed51a0f5c9" />
    <UnitTestResult executionId="42179c0d-0985-43fa-87cc-f983d3c36cc7" testId="9519c22d-5f68-8bc5-892e-63572bcddd26" testName="Kor.Operations.App.Tests.UnusedPrivateMethodTests.Analyzer_flags_unused_private_method_against_synthetic_class" computerName="KOR-1001" duration="00:00:00.0173441" startTime="2026-08-27T16:22:37.6701819-07:00" endTime="2026-08-27T16:22:37.6701823-07:00" testType="13cdc9d9-ddb5-4fa4-a97d-d965ccfc6d4b" outcome="Passed" testListId="8c84fa94-04c1-424b-9868-57a2d4851a1d" relativeResultsDirectory="42179c0d-0985-43fa-87cc-f983d3c36cc7" />
    <UnitTestResult executionId="bcbb7ab4-b544-4db3-b089-c9842ad1442f" testId="25790e2c-9f56-4c39-07d2-1c0dd4a593aa" testName="Kor.Operations.App.Tests.BdReports.KorReportLinksTests.TryParse_RejectsMalformedUris(uri: &quot;&quot;)" computerName="KOR-1001" duration="00:00:00.0001201" startTime="2026-08-27T16:23:30.6655015-07:00" endTime="2026-08-27T16:23:30.6655017-07:00" testType="13cdc9d9-ddb5-4fa4-a97d-d965ccfc6d4b" outcome="Passed" testListId="8c84fa94-04c1-424b-9868-57a2d4851a1d" relativeResultsDirectory="bcbb7ab4-b544-4db3-b089-c9842ad1442f" />
    <UnitTestResult executionId="98da42d5-3546-4667-abf0-9528dad0a639" testId="cee4fdcd-2d25-1137-85c5-678d763c8e8c" testName="Kor.Operations.Tests.Financials.MetricDefinitions.ToolDefinitionDriftTests.Phrase_AppearsInBothDefinitionAndTool(definitionKey: &quot;Exec_ArOver60&quot;, toolFile: &quot;ArTool.cs&quot;, phrase: &quot;DueDate&quot;)" computerName="KOR-1001" duration="00:00:00.0001319" startTime="2026-08-27T16:22:37.2663784-07:00" endTime="2026-08-27T16:22:37.2663784-07:00" testType="13cdc9d9-ddb5-4fa4-a97d-d965ccfc6d4b" outcome="Passed" testListId="8c84fa94-04c1-424b-9868-57a2d4851a1d" relativeResultsDirectory="98da42d5-3546-4667-abf0-9528dad0a639" />
    <UnitTestResult executionId="c0dc072b-f683-45dc-b1d3-bf7b09ecac87" testId="1025f1ee-c17a-f068-f668-8dfd951e8bfd" testName="Kor.Operations.App.Tests.LocaleSensitiveParseTests.No_locale_sensitive_parse_in_App" computerName="KOR-1001" duration="00:00:00.3155156" startTime="2026-08-27T16:22:34.5505183-07:00" endTime="2026-08-27T16:22:34.5505189-07:00" testType="13cdc9d9-ddb5-4fa4-a97d-d965ccfc6d4b" outcome="Passed" testListId="8c84fa94-04c1-424b-9868-57a2d4851a1d" relativeResultsDirectory="c0dc072b-f683-45dc-b1d3-bf7b09ecac87" />
    <UnitTestResult executionId="2d1a69c7-fe1d-42be-a4b9-faa0c3f703c2" testId="7426793a-9c98-fa63-bb4b-693ad5091c44" testName="Kor.Operations.Tests.Services.AppAiContextBuilderTests.BuildFullContext_SkipsThrowingProvider_DoesNotKillTheRest" computerName="KOR-1001" duration="00:00:00.0007979" startTime="2026-08-27T16:22:37.2478331-07:00" endTime="2026-08-27T16:22:37.2478334-07:00" testType="13cdc9d9-ddb5-4fa4-a97d-d965ccfc6d4b" outcome="Passed" testListId="8c84fa94-04c1-424b-9868-57a2d4851a1d" relativeResultsDirectory="2d1a69c7-fe1d-42be-a4b9-faa0c3f703c2" />
    <UnitTestResult executionId="f5b79851-99a8-4f05-9231-582a75760586" testId="2ff8eb0a-e954-1bda-45d3-b14439d214bf" testName="Kor.Operations.Tests.Financials.MetricDefinitions.PmToolsMethodologyKeysTests.BuildAiMethodologyBlock_EmitsHeaderForEachPmToolsKey" computerName="KOR-1001" duration="00:00:00.0001766" startTime="2026-08-27T16:23:33.7370646-07:00" endTime="2026-08-27T16:23:33.7370647-07:00" testType="13cdc9d9-ddb5-4fa4-a97d-d965ccfc6d4b" outcome="Passed" testListId="8c84fa94-04c1-424b-9868-57a2d4851a1d" relativeResultsDirectory="f5b79851-99a8-4f05-9231-582a75760586" />
    <UnitTestResult executionId="40057b4d-7412-44f9-b0bb-963432399851" testId="ebac1db2-cb6f-754d-3cd1-db9b7b5a6755" testName="Kor.Operations.Tests.Mcp.PromptToolParityValidatorTests.Validate_IncidentalProseMentionWithoutBackticksOrBullet_Passes" computerName="KOR-1001" duration="00:00:00.0001839" startTime="2026-08-27T16:23:30.7220022-07:00" endTime="2026-08-27T16:23:30.7220026-07:00" testType="13cdc9d9-ddb5-4fa4-a97d-d965ccfc6d4b" outcome="Passed" testListId="8c84fa94-04c1-424b-9868-57a2d4851a1d" relativeResultsDirectory="40057b4d-7412-44f9-b0bb-963432399851" />
    <UnitTestResult executionId="eeee35d4-9b22-4db8-8681-13032e4c25df" testId="0521a7d0-8927-5c9d-e6b1-b6100e69f3d8" testName="Kor.Operations.Tests.Financials.MetricDefinitions.ToolDefinitionDriftTests.Phrase_AppearsInBothDefinitionAndTool(definitionKey: &quot;Exec_CollectionExposure&quot;, toolFile: &quot;CollectionExposureTool.cs&quot;, phrase: &quot;Billed90&quot;)" computerName="KOR-1001" duration="00:00:00.0001515" startTime="2026-08-27T16:22:37.2648551-07:00" endTime="2026-08-27T16:22:37.2648552-07:00" testType="13cdc9d9-ddb5-4fa4-a97d-d965ccfc6d4b" outcome="Passed" testListId="8c84fa94-04c1-424b-9868-57a2d4851a1d" relativeResultsDirectory="eeee35d4-9b22-4db8-8681-13032e4c25df" />
    <UnitTestResult executionId="48ff7ce3-9f66-460f-ba47-30b4567d5ab6" testId="42ff281c-a4d5-e7a1-6ce3-f5d2ddaed00e" testName="Kor.Operations.Tests.Financials.Executive.Integration.LoaderIntegrationTests.ArFinancialsService_Load_FirmwideTotalsAreSensible" computerName="KOR-1001" duration="00:00:00.3176866" startTime="2026-08-27T16:22:36.5562438-07:00" endTime="2026-08-27T16:22:36.5562444-07:00" testType="13cdc9d9-ddb5-4fa4-a97d-d965ccfc6d4b" outcome="Passed" testListId="8c84fa94-04c1-424b-9868-57a2d4851a1d" relativeResultsDirectory="48ff7ce3-9f66-460f-ba47-30b4567d5ab6" />
    <UnitTestResult executionId="88c64135-7d12-489b-916e-bb2df121dadb" testId="573df6e9-48c7-2962-c48e-14c4fb7427a5" testName="Kor.Operations.Tests.Financials.MetricDefinitions.MetricDefinitionsBlockHelperTests.BuildAiMethodologyBlock_PreservesKeyOrder" computerName="KOR-1001" duration="00:00:00.0001004" startTime="2026-08-27T16:22:37.2451011-07:00" endTime="2026-08-27T16:22:37.2451011-07:00" testType="13cdc9d9-ddb5-4fa4-a97d-d965ccfc6d4b" outcome="Passed" testListId="8c84fa94-04c1-424b-9868-57a2d4851a1d" relativeResultsDirectory="88c64135-7d12-489b-916e-bb2df121dadb" />
    <UnitTestResult executionId="07eb3a6a-86f5-49dd-a35c-ce95045b33c6" testId="dedc9b52-99c7-2141-9ef7-551a7641b2d9" testName="Kor.Operations.Tests.Financials.MetricDefinitions.HistoricalMethodologyKeysTests.EveryHistAiKey_ResolvesToMethodologyText(key: &quot;Hist_DraftDelta&quot;)" computerName="KOR-1001" duration="00:00:00.0001483" startTime="2026-08-27T16:22:37.2634408-07:00" endTime="2026-08-27T16:22:37.2634408-07:00" testType="13cdc9d9-ddb5-4fa4-a97d-d965ccfc6d4b" outcome="Passed" testListId="8c84fa94-04c1-424b-9868-57a2d4851a1d" relativeResultsDirectory="07eb3a6a-86f5-49dd-a35c-ce95045b33c6" />
    <UnitTestResult executionId="35a886cc-0788-4e01-b132-20b47e34ae4b" testId="0391ffeb-9cd5-82f8-dd23-3ec876d1d4eb" testName="Kor.Operations.Tests.Financials.MetricDefinitions.PmToolsMethodologyKeysTests.EveryPmToolsAiKey_ResolvesToMethodologyText(key: &quot;PmTools_AtRiskCritical&quot;)" computerName="KOR-1001" duration="00:00:00.0000027" startTime="2026-08-27T16:23:33.7366544-07:00" endTime="2026-08-27T16:23:33.7366544-07:00" testType="13cdc9d9-ddb5-4fa4-a97d-d965ccfc6d4b" outcome="Passed" testListId="8c84fa94-04c1-424b-9868-57a2d4851a1d" relativeResultsDirectory="35a886cc-0788-4e01-b132-20b47e34ae4b" />
    <UnitTestResult executionId="5dc0a356-7e11-48ee-9d8d-ba870f5f8358" testId="ad0786ca-fc03-792f-989e-33d291c47c9d" testName="Kor.Operations.App.Tests.Intel.IntelPlaceholdersTests.IsPlaceholder_CatchesDrainModelFillerText(value: &quot;N/A&quot;)" computerName="KOR-1001" duration="00:00:00.0000009" startTime="2026-08-27T16:22:37.2380069-07:00" endTime="2026-08-27T16:22:37.2380069-07:00" testType="13cdc9d9-ddb5-4fa4-a97d-d965ccfc6d4b" outcome="Passed" testListId="8c84fa94-04c1-424b-9868-57a2d4851a1d" relativeResultsDirectory="5dc0a356-7e11-48ee-9d8d-ba870f5f8358" />
    <UnitTestResult executionId="3a3bf6d7-f573-4111-ad73-afaf444b21b9" testId="268eec99-57b5-3eda-25b8-a70a4fe9b1db" testName="Kor.Operations.Tests.GenericEmailFormatAdapterTests.Parse_WithHtmlEntities_DecodesDescription" computerName="KOR-1001" duration="00:00:00.0008434" startTime="2026-08-27T16:22:36.7096545-07:00" endTime="2026-08-27T16:22:36.7096547-07:00" testType="13cdc9d9-ddb5-4fa4-a97d-d965ccfc6d4b" outcome="Passed" testListId="8c84fa94-04c1-424b-9868-57a2d4851a1d" relativeResultsDirectory="3a3bf6d7-f573-4111-ad73-afaf444b21b9" />
    <UnitTestResult executionId="fa4c118d-0c4e-48db-b208-7459bee0fd84" testId="b75481a6-dda8-0c74-d0bb-275509613dfd" testName="Kor.Operations.Tests.Financials.MetricDefinitions.HistoricalMethodologyKeysTests.EveryHistAiKey_ResolvesToMethodologyText(key: &quot;Hist_EngDelta&quot;)" computerName="KOR-1001" duration="00:00:00.0000468" startTime="2026-08-27T16:22:37.2634141-07:00" endTime="2026-08-27T16:22:37.2634141-07:00" testType="13cdc9d9-ddb5-4fa4-a97d-d965ccfc6d4b" outcome="Passed" testListId="8c84fa94-04c1-424b-9868-57a2d4851a1d" relativeResultsDirectory="fa4c118d-0c4e-48db-b208-7459bee0fd84" />
    <UnitTestResult executionId="272dc286-1767-4bfd-b783-796844b8eedf" testId="b5031e40-a475-6066-166a-2a6fda63c01a" testName="Kor.Operations.Tests.GenericEmailFormatAdapterTests.Parse_WithCompanyLine_UsesCompanyAsBuyer" computerName="KOR-1001" duration="00:00:00.0014602" startTime="2026-08-27T16:22:36.7086541-07:00" endTime="2026-08-27T16:22:36.7086543-07:00" testType="13cdc9d9-ddb5-4fa4-a97d-d965ccfc6d4b" outcome="Passed" testListId="8c84fa94-04c1-424b-9868-57a2d4851a1d" relativeResultsDirectory="272dc286-1767-4bfd-b783-796844b8eedf" />
    <UnitTestResult executionId="03aa70b2-587e-493b-8b7d-349b836d9c66" testId="9b9876c6-8d72-ec79-8cc4-3b63441f7693" testName="Kor.Operations.App.Tests.PMTools.HistoricalAnalyticsTooltipTests.FeePerHourTooltipFormatsTheObservedPortfolioMedian" computerName="KOR-1001" duration="00:00:00.0001620" startTime="2026-08-27T16:23:30.6650884-07:00" endTime="2026-08-27T16:23:30.6650885-07:00" testType="13cdc9d9-ddb5-4fa4-a97d-d965ccfc6d4b" outcome="Passed" testListId="8c84fa94-04c1-424b-9868-57a2d4851a1d" relativeResultsDirectory="03aa70b2-587e-493b-8b7d-349b836d9c66" />
    <UnitTestResult executionId="3ea30627-c547-4eec-81ab-9f3a726bfed5" testId="cb733f96-8932-b534-46be-52dc70fd9865" testName="Kor.Operations.Tests.Financials.MetricDefinitions.BdMethodologyKeysTests.TryResolveKeyFromDisplayName_FindsBdEntryByDisplayName" computerName="KOR-1001" duration="00:00:00.0000316" startTime="2026-08-27T16:23:31.6991762-07:00" endTime="2026-08-27T16:23:31.6991763-07:00" testType="13cdc9d9-ddb5-4fa4-a97d-d965ccfc6d4b" outcome="Passed" testListId="8c84fa94-04c1-424b-9868-57a2d4851a1d" relativeResultsDirectory="3ea30627-c547-4eec-81ab-9f3a726bfed5" />
    <UnitTestResult executionId="ea513407-9095-4736-8ead-4c958fade313" testId="d7e4d95b-dd53-663b-5008-3848ed14b4c3" testName="Kor.Operations.App.Tests.UnusedPrivateMethodTests.All_private_methods_have_a_caller" computerName="KOR-1001" duration="00:00:47.3300875" startTime="2026-08-27T16:23:25.0003931-07:00" endTime="2026-08-27T16:23:25.0003991-07:00" testType="13cdc9d9-ddb5-4fa4-a97d-d965ccfc6d4b" outcome="Passed" testListId="8c84fa94-04c1-424b-9868-57a2d4851a1d" relativeResultsDirectory="ea513407-9095-4736-8ead-4c958fade313" />
    <UnitTestResult executionId="ae410c42-2e82-45cd-b84f-5a598959d43e" testId="627e7587-d10f-e9b2-37b1-e1930ce75d73" testName="Kor.Operations.Tests.Financials.MetricDefinitions.ToolDefinitionDriftTests.Phrase_AppearsInBothDefinitionAndTool(definitionKey: &quot;Exec_NetMultiplier&quot;, toolFile: &quot;FirmHealthTool.cs&quot;, phrase: &quot;RegAmt&quot;)" computerName="KOR-1001" duration="00:00:00.0003821" startTime="2026-08-27T16:22:37.2644405-07:00" endTime="2026-08-27T16:22:37.2644407-07:00" testType="13cdc9d9-ddb5-4fa4-a97d-d965ccfc6d4b" outcome="Passed" testListId="8c84fa94-04c1-424b-9868-57a2d4851a1d" relativeResultsDirectory="ae410c42-2e82-45cd-b84f-5a598959d43e" />
    <UnitTestResult executionId="c2896c01-0e2f-4294-922e-2c1c2705182d" testId="842402ac-3b56-d273-fca6-ca6ff68ffefe" testName="Kor.Operations.App.Tests.BdReports.BdReportsViewModelTests.RenderCurrentDocx_BeforePreview_Throws" computerName="KOR-1001" duration="00:00:00.0015602" startTime="2026-08-27T16:22:34.0680921-07:00" endTime="2026-08-27T16:22:34.0680924-07:00" testType="13cdc9d9-ddb5-4fa4-a97d-d965ccfc6d4b" outcome="Passed" testListId="8c84fa94-04c1-424b-9868-57a2d4851a1d" relativeResultsDirectory="c2896c01-0e2f-4294-922e-2c1c2705182d" />
    <UnitTestResult executionId="93c41aff-d6cf-48b8-902f-7bc01cc84c71" testId="4b332a6b-fd05-1983-0ec1-b958467710a2" testName="Kor.Operations.Tests.Financials.Executive.ThresholdParityTests.Ar60AlertDrilldown_IncludesNegativeAgedBalance" computerName="KOR-1001" duration="00:00:00.0010597" startTime="2026-08-27T16:23:31.1631210-07:00" endTime="2026-08-27T16:23:31.1631215-07:00" testType="13cdc9d9-ddb5-4fa4-a97d-d965ccfc6d4b" outcome="Passed" testListId="8c84fa94-04c1-424b-9868-57a2d4851a1d" relativeResultsDirectory="93c41aff-d6cf-48b8-902f-7bc01cc84c71" />
    <UnitTestResult executionId="a46262d0-3b5f-40de-aff0-da7b54993c6f" testId="9bd6d27f-e5a3-407f-c473-4e69c821488c" testName="Kor.Operations.Tests.Financials.MetricDefinitions.ToolDefinitionDriftTests.Phrase_AppearsInBothDefinitionAndTool(definitionKey: &quot;Exec_Utilization30&quot;, toolFile: &quot;UtilizationTool.cs&quot;, phrase: &quot;99%&quot;)" computerName="KOR-1001" duration="00:00:00.0001087" startTime="2026-08-27T16:22:37.2678608-07:00" endTime="2026-08-27T16:22:37.2678609-07:00" testType="13cdc9d9-ddb5-4fa4-a97d-d965ccfc6d4b" outcome="Passed" testListId="8c84fa94-04c1-424b-9868-57a2d4851a1d" relativeResultsDirectory="a46262d0-3b5f-40de-aff0-da7b54993c6f" />
    <UnitTestResult executionId="b0a71d21-d34f-4582-b2fe-da3420633301" testId="56ffc8bf-7670-cd07-8042-a33ed5980a98" testName="Kor.Operations.Tests.Financials.MetricDefinitions.HistoricalMethodologyKeysTests.EveryHistAiKey_ResolvesToMethodologyText(key: &quot;Hist_BillablePct&quot;)" computerName="KOR-1001" duration="00:00:00.0000052" startTime="2026-08-27T16:22:37.2634636-07:00" endTime="2026-08-27T16:22:37.2634637-07:00" testType="13cdc9d9-ddb5-4fa4-a97d-d965ccfc6d4b" outcome="Passed" testListId="8c84fa94-04c1-424b-9868-57a2d4851a1d" relativeResultsDirectory="b0a71d21-d34f-4582-b2fe-da3420633301" />
    <UnitTestResult executionId="162e40af-32ea-49df-b9ef-4ad58c75911f" testId="350c7f97-fdd6-06d7-5aea-a7e29595d24f" testName="Kor.Operations.Tests.Financials.MetricDefinitions.MetricDefinitionsBlockHelperTests.BilledPnL_DictionaryEntry_ExistsWithExpectedDisplayName(key: &quot;Billed_Reconciliation&quot;, expectedDisplayName: &quot;Billed vs Posted GL Reconciliation&quot;)" computerName="KOR-1001" duration="00:00:00.0000036" startTime="2026-08-27T16:22:37.2435314-07:00" endTime="2026-08-27T16:22:37.2435314-07:00" testType="13cdc9d9-ddb5-4fa4-a97d-d965ccfc6d4b" outcome="Passed" testListId="8c84fa94-04c1-424b-9868-57a2d4851a1d" relativeResultsDirectory="162e40af-32ea-49df-b9ef-4ad58c75911f" />
    <UnitTestResult executionId="13030d49-ce83-4a15-bbce-be6265667573" testId="5a6d74a9-9122-25b1-795c-0149a5914113" testName="Kor.Operations.Tests.Financials.MetricDefinitions.ToolDefinitionDriftTests.Phrase_AppearsInBothDefinitionAndTool(definitionKey: &quot;Billed_Expenses&quot;, toolFile: &quot;BilledPnLTool.cs&quot;, phrase: &quot;8200&quot;)" computerName="KOR-1001" duration="00:00:00.0001218" startTime="2026-08-27T16:22:37.2666631-07:00" endTime="2026-08-27T16:22:37.2666632-07:00" testType="13cdc9d9-ddb5-4fa4-a97d-d965ccfc6d4b" outcome="Passed" testListId="8c84fa94-04c1-424b-9868-57a2d4851a1d" relativeResultsDirectory="13030d49-ce83-4a15-bbce-be6265667573" />
    <UnitTestResult executionId="dca3e0d3-316e-4b8a-bdf3-946389b2ae81" testId="4d9513ac-f53c-f1dd-4d5c-497bc2bf9cd5" testName="Kor.Operations.App.Tests.HomeTileVisibilityStateTests.HomeWindow_failure_path_uses_restricted_fallback_decision" computerName="KOR-1001" duration="00:00:00.0009272" startTime="2026-08-27T16:22:33.9553832-07:00" endTime="2026-08-27T16:22:33.9553834-07:00" testType="13cdc9d9-ddb5-4fa4-a97d-d965ccfc6d4b" outcome="Passed" testListId="8c84fa94-04c1-424b-9868-57a2d4851a1d" relativeResultsDirectory="dca3e0d3-316e-4b8a-bdf3-946389b2ae81" />
    <UnitTestResult executionId="3b0ef439-7249-403f-b694-42efc157a97e" testId="481ec72e-1301-aae8-9e59-8993e0a997f3" testName="Kor.Operations.Tests.Financials.MetricDefinitions.ToolDefinitionDriftTests.Phrase_AppearsInBothDefinitionAndTool(definitionKey: &quot;Exec_CollectionExposure&quot;, toolFile: &quot;CollectionExposureTool.cs&quot;, phrase: &quot;period-anchored&quot;)" computerName="KOR-1001" duration="00:00:00.0001273" startTime="2026-08-27T16:22:37.2664034-07:00" endTime="2026-08-27T16:22:37.2664034-07:00" testType="13cdc9d9-ddb5-4fa4-a97d-d965ccfc6d4b" outcome="Passed" testListId="8c84fa94-04c1-424b-9868-57a2d4851a1d" relativeResultsDirectory="3b0ef439-7249-403f-b694-42efc157a97e" />
    <UnitTestResult executionId="45446885-b1ad-4a7b-856b-78318fb8db8b" testId="73cef44e-8152-55e6-9aee-2a4a74fb15bb" testName="Kor.Operations.Tests.Financials.Executive.Integration.LoaderIntegrationTests.RevenueLoader_Load_LedgerArSegmentReturnsValidPeriod" computerName="KOR-1001" duration="00:00:01.3954234" startTime="2026-08-27T16:22:35.9463119-07:00" endTime="2026-08-27T16:22:35.9463124-07:00" testType="13cdc9d9-ddb5-4fa4-a97d-d965ccfc6d4b" outcome="Passed" testListId="8c84fa94-04c1-424b-9868-57a2d4851a1d" relativeResultsDirectory="45446885-b1ad-4a7b-856b-78318fb8db8b" />
    <UnitTestResult executionId="bebe9ded-ebeb-4fd6-82e8-71dece6cbd8a" testId="37486c21-1f3a-fd05-5d5b-de61a755e759" testName="Kor.Operations.App.Tests.BdReports.SectorReportGeneratorTests.Build_EmptyBuckets_RenderNoneParagraphInsteadOfEmptyTable" computerName="KOR-1001" duration="00:00:00.0002620" startTime="2026-08-27T16:22:34.2163236-07:00" endTime="2026-08-27T16:22:34.2163237-07:00" testType="13cdc9d9-ddb5-4fa4-a97d-d965ccfc6d4b" outcome="Passed" testListId="8c84fa94-04c1-424b-9868-57a2d4851a1d" relativeResultsDirectory="bebe9ded-ebeb-4fd6-82e8-71dece6cbd8a" />
    <UnitTestResult executionId="7d3a958b-d4fc-4495-8be1-203518dabc6d" testId="96b4f675-34f4-dd41-b3a7-9195a895d20b" testName="Kor.Operations.App.Tests.BdReports.HoningResultParserTests.MalformedOrNonObjectJson_ReturnsEmpty_NoThrow(json: &quot;&quot;)" computerName="KOR-1001" duration="00:00:00.0000010" startTime="2026-08-27T16:23:31.7051140-07:00" endTime="2026-08-27T16:23:31.7051140-07:00" testType="13cdc9d9-ddb5-4fa4-a97d-d965ccfc6d4b" outcome="Passed" testListId="8c84fa94-04c1-424b-9868-57a2d4851a1d" relativeResultsDirectory="7d3a958b-d4fc-4495-8be1-203518dabc6d" />
    <UnitTestResult executionId="a5838f42-da25-425f-b69c-7dbb6ce10453" testId="577985ce-7b82-ba6f-b649-ae73f57a7989" testName="Kor.Operations.Tests.CsvFilterHelperTests.PassesWordBoundaryFilter_WhenLabradorContainsAb_ReturnsFalse" computerName="KOR-1001" duration="00:00:00.0000638" startTime="2026-08-27T16:23:30.8620987-07:00" endTime="2026-08-27T16:23:30.8620988-07:00" testType="13cdc9d9-ddb5-4fa4-a97d-d965ccfc6d4b" outcome="Passed" testListId="8c84fa94-04c1-424b-9868-57a2d4851a1d" relativeResultsDirectory="a5838f42-da25-425f-b69c-7dbb6ce10453" />
    <UnitTestResult executionId="ebe52780-f4b3-42e3-a1d6-742b5a56be7a" testId="127ca75f-7c82-a43c-1385-2bc2958dc862" testName="Kor.Operations.App.Tests.Intel.IntelPlaceholdersTests.IsPlaceholder_CatchesDrainModelFillerText(value: &quot;—&quot;)" computerName="KOR-1001" duration="00:00:00.0000195" startTime="2026-08-27T16:22:37.2370090-07:00" endTime="2026-08-27T16:22:37.2370091-07:00" testType="13cdc9d9-ddb5-4fa4-a97d-d965ccfc6d4b" outcome="Passed" testListId="8c84fa94-04c1-424b-9868-57a2d4851a1d" relativeResultsDirectory="ebe52780-f4b3-42e3-a1d6-742b5a56be7a" />
    <UnitTestResult executionId="3830a66b-3e64-40c3-a5f3-2a5b78132ded" testId="287f109b-dda7-60e0-8032-0c3d53465ec2" testName="Kor.Operations.App.Tests.UserFacingExceptionMapperTests.Org_dossier_uses_mapper_instead_of_raw_exception_text" computerName="KOR-1001" duration="00:00:00.0010103" startTime="2026-08-27T16:22:33.9335961-07:00" endTime="2026-08-27T16:22:33.9335965-07:00" testType="13cdc9d9-ddb5-4fa4-a97d-d965ccfc6d4b" outcome="Passed" testListId="8c84fa94-04c1-424b-9868-57a2d4851a1d" relativeResultsDirectory="3830a66b-3e64-40c3-a5f3-2a5b78132ded" />
    <UnitTestResult executionId="4be04461-c2d8-4d16-91b5-5466932553a9" testId="74a9f803-f833-8370-3b18-a8eeb26e0584" testName="Kor.Operations.Tests.Financials.MetricDefinitions.HistoricalMethodologyKeysTests.EveryHistAiKey_ResolvesToMethodologyText(key: &quot;Hist_EngPct&quot;)" computerName="KOR-1001" duration="00:00:00.0000016" startTime="2026-08-27T16:22:37.2634878-07:00" endTime="2026-08-27T16:22:37.2634879-07:00" testType="13cdc9d9-ddb5-4fa4-a97d-d965ccfc6d4b" outcome="Passed" testListId="8c84fa94-04c1-424b-9868-57a2d4851a1d" relativeResultsDirectory="4be04461-c2d8-4d16-91b5-5466932553a9" />
    <UnitTestResult executionId="9b235a07-8f01-4855-b948-fce48ea7ffe8" testId="6ac53820-c718-eac8-3f53-7ea7787d7742" testName="Kor.Operations.Tests.Financials.MetricDefinitions.ToolDefinitionDriftTests.EveryDriftCase_HasNonEmptyPhraseList" computerName="KOR-1001" duration="00:00:00.0002076" startTime="2026-08-27T16:22:37.2786482-07:00" endTime="2026-08-27T16:22:37.2786483-07:00" testType="13cdc9d9-ddb5-4fa4-a97d-d965ccfc6d4b" outcome="Passed" testListId="8c84fa94-04c1-424b-9868-57a2d4851a1d" relativeResultsDirectory="9b235a07-8f01-4855-b948-fce48ea7ffe8" />
    <UnitTestResult executionId="598ab46f-e0e8-4f22-8fd9-dafbbee68d87" testId="fe268978-e0e7-1a35-fcfd-ff2ce015b742" testName="Kor.Operations.Tests.Financials.MetricDefinitions.ToolDefinitionDriftTests.Phrase_AppearsInBothDefinitionAndTool(definitionKey: &quot;Exec_Revenue3090&quot;, toolFile: &quot;EarnedVsInvoicedTool.cs&quot;, phrase: &quot;UnbilledGap&quot;)" computerName="KOR-1001" duration="00:00:00.0001718" startTime="2026-08-27T16:22:37.2650502-07:00" endTime="2026-08-27T16:22:37.2650504-07:00" testType="13cdc9d9-ddb5-4fa4-a97d-d965ccfc6d4b" outcome="Passed" testListId="8c84fa94-04c1-424b-9868-57a2d4851a1d" relativeResultsDirectory="598ab46f-e0e8-4f22-8fd9-dafbbee68d87" />
    <UnitTestResult executionId="aec6fff2-7f90-4108-84e4-42e4e003635a" testId="8e14e2e8-8eb3-e5ce-2c0a-a87e768fae83" testName="Kor.Operations.App.Tests.BdReports.CompetitorIntelReportGeneratorTests.Build_RendersFootprintTableAndDrillDown" computerName="KOR-1001" duration="00:00:00.0014679" startTime="2026-08-27T16:23:31.6366915-07:00" endTime="2026-08-27T16:23:31.6366916-07:00" testType="13cdc9d9-ddb5-4fa4-a97d-d965ccfc6d4b" outcome="Passed" testListId="8c84fa94-04c1-424b-9868-57a2d4851a1d" relativeResultsDirectory="aec6fff2-7f90-4108-84e4-42e4e003635a" />
    <UnitTestResult executionId="44b75504-7b76-4804-999c-6230df5608eb" testId="3be59ff4-9fa9-ea91-0e28-4c382d80645b" testName="Kor.Operations.Tests.Financials.MetricDefinitions.MetricDefinitionsAiContextTests.TryResolveKeyFromDisplayName_FindsKey_ForKnownDisplayName" computerName="KOR-1001" duration="00:00:00.0003370" startTime="2026-08-27T16:23:31.1509662-07:00" endTime="2026-08-27T16:23:31.1509663-07:00" testType="13cdc9d9-ddb5-4fa4-a97d-d965ccfc6d4b" outcome="Passed" testListId="8c84fa94-04c1-424b-9868-57a2d4851a1d" relativeResultsDirectory="44b75504-7b76-4804-999c-6230df5608eb" />
    <UnitTestResult executionId="e51b0bc7-a265-452a-b27b-8bbc4320fa7b" testId="cc53f386-d263-1d93-1086-2ada97858103" testName="Kor.Operations.Tests.Financials.Executive.EmptyScopeTests.EmptyWatchlist_FirmwideKpis_StillPopulated(title: &quot;Cash Position&quot;)" computerName="KOR-1001" duration="00:00:00.0000422" startTime="2026-08-27T16:22:37.6520733-07:00" endTime="2026-08-27T16:22:37.6520734-07:00" testType="13cdc9d9-ddb5-4fa4-a97d-d965ccfc6d4b" outcome="Passed" testListId="8c84fa94-04c1-424b-9868-57a2d4851a1d" relativeResultsDirectory="e51b0bc7-a265-452a-b27b-8bbc4320fa7b" />
    <UnitTestResult executionId="a1039568-8da1-4dd9-9c19-3c679454df80" testId="f29c1e8e-cae7-e0f3-e1d3-b4a7cd9b899e" testName="Kor.Operations.Tests.DeliveryConfidenceCalculatorTests.Compute_WhenFeeBilledExceedsFee_AndHoursWithinBudget_DoesNotReturnCritical" computerName="KOR-1001" duration="00:00:00.0000601" startTime="2026-08-27T16:23:31.1508272-07:00" endTime="2026-08-27T16:23:31.1508272-07:00" testType="13cdc9d9-ddb5-4fa4-a97d-d965ccfc6d4b" outcome="Passed" testListId="8c84fa94-04c1-424b-9868-57a2d4851a1d" relativeResultsDirectory="a1039568-8da1-4dd9-9c19-3c679454df80" />
    <UnitTestResult executionId="f0de03c2-9266-43d9-9800-25ea9bdc1269" testId="9a93a30a-93d0-eea2-acdd-d1830abbfa82" testName="Kor.Operations.Tests.FinancialCalculationTests.ComputeHeadline_EmptyList" computerName="KOR-1001" duration="00:00:00.0001482" startTime="2026-08-27T16:22:37.6467668-07:00" endTime="2026-08-27T16:22:37.6467669-07:00" testType="13cdc9d9-ddb5-4fa4-a97d-d965ccfc6d4b" outcome="Passed" testListId="8c84fa94-04c1-424b-9868-57a2d4851a1d" relativeResultsDirectory="f0de03c2-9266-43d9-9800-25ea9bdc1269" />
    <UnitTestResult executionId="70e9e4d3-39b7-450d-a3ab-fe008848b74d" testId="255eff8b-c8ce-b125-98d1-a7df142e78b3" testName="Kor.Operations.Tests.Financials.MetricDefinitions.ToolDefinitionDriftTests.Phrase_AppearsInBothDefinitionAndTool(definitionKey: &quot;Billed_Revenue&quot;, toolFile: &quot;BilledPnLTool.cs&quot;, phrase: &quot;4210&quot;)" computerName="KOR-1001" duration="00:00:00.0002164" startTime="2026-08-27T16:22:37.2713797-07:00" endTime="2026-08-27T16:22:37.2713799-07:00" testType="13cdc9d9-ddb5-4fa4-a97d-d965ccfc6d4b" outcome="Passed" testListId="8c84fa94-04c1-424b-9868-57a2d4851a1d" relativeResultsDirectory="70e9e4d3-39b7-450d-a3ab-fe008848b74d" />
    <UnitTestResult executionId="1a02d1f0-6b2f-4bcd-8c74-05d711575bdb" testId="76a35610-01cc-e932-0ed2-5e567b8a6079" testName="Kor.Operations.Tests.Financials.MetricDefinitions.MetricDefinitionsBlockHelperTests.BuildAiMethodologyBlock_FormatsKnownKey_WithDisplayNameAndHowLine" computerName="KOR-1001" duration="00:00:00.0000757" startTime="2026-08-27T16:22:37.2449995-07:00" endTime="2026-08-27T16:22:37.2449996-07:00" testType="13cdc9d9-ddb5-4fa4-a97d-d965ccfc6d4b" outcome="Passed" testListId="8c84fa94-04c1-424b-9868-57a2d4851a1d" relativeResultsDirectory="1a02d1f0-6b2f-4bcd-8c74-05d711575bdb" />
    <UnitTestResult executionId="19990bc7-4a0c-4e80-a922-d6e266dfb506" testId="e0a00804-386a-b48e-590a-b7eec7d18e8a" testName="Kor.Operations.Tests.Financials.MetricDefinitions.ToolDefinitionDriftTests.Phrase_AppearsInBothDefinitionAndTool(definitionKey: &quot;Exec_Backlog&quot;, toolFile: &quot;BacklogTool.cs&quot;, phrase: &quot;HourlyRevenue&quot;)" computerName="KOR-1001" duration="00:00:00.0001880" startTime="2026-08-27T16:22:37.2745675-07:00" endTime="2026-08-27T16:22:37.2745677-07:00" testType="13cdc9d9-ddb5-4fa4-a97d-d965ccfc6d4b" outcome="Passed" testListId="8c84fa94-04c1-424b-9868-57a2d4851a1d" relativeResultsDirectory="19990bc7-4a0c-4e80-a922-d6e266dfb506" />
    <UnitTestResult executionId="723f1e08-fd16-4f82-ab73-9d10f51c9a17" testId="73d4b399-015a-8cb1-0d6f-adbc448882f6" testName="Kor.Operations.App.Tests.Intel.IntelPlaceholdersTests.IsPlaceholder_CatchesDrainModelFillerText(value: &quot;NA&quot;)" computerName="KOR-1001" duration="00:00:00.0002125" startTime="2026-08-27T16:22:37.2369380-07:00" endTime="2026-08-27T16:22:37.2369382-07:00" testType="13cdc9d9-ddb5-4fa4-a97d-d965ccfc6d4b" outcome="Passed" testListId="8c84fa94-04c1-424b-9868-57a2d4851a1d" relativeResultsDirectory="723f1e08-fd16-4f82-ab73-9d10f51c9a17" />
    <UnitTestResult executionId="fae48824-e531-431d-b526-b77aeefae657" testId="c975204d-af11-c1e3-ade1-f7871d1e2719" testName="Kor.Operations.App.Tests.Intel.IntelPlaceholdersTests.IsPlaceholder_CatchesDrainModelFillerText(value: &quot;n/a&quot;)" computerName="KOR-1001" duration="00:00:00.0000019" startTime="2026-08-27T16:22:37.2378705-07:00" endTime="2026-08-27T16:22:37.2378706-07:00" testType="13cdc9d9-ddb5-4fa4-a97d-d965ccfc6d4b" outcome="Passed" testListId="8c84fa94-04c1-424b-9868-57a2d4851a1d" relativeResultsDirectory="fae48824-e531-431d-b526-b77aeefae657" />
    <UnitTestResult executionId="02f07e9e-09a2-4dc2-a7f7-4ccc8a739d8a" testId="aa309d05-c765-c996-b093-54b724d97a00" testName="Kor.Operations.Tests.Financials.MetricDefinitions.ToolDefinitionDriftTests.Phrase_AppearsInBothDefinitionAndTool(definitionKey: &quot;Exec_CashPosition&quot;, toolFile: &quot;CashTool.cs&quot;, phrase: &quot;LedgerMisc&quot;)" computerName="KOR-1001" duration="00:00:00.0001204" startTime="2026-08-27T16:22:37.2663474-07:00" endTime="2026-08-27T16:22:37.2663475-07:00" testType="13cdc9d9-ddb5-4fa4-a97d-d965ccfc6d4b" outcome="Passed" testListId="8c84fa94-04c1-424b-9868-57a2d4851a1d" relativeResultsDirectory="02f07e9e-09a2-4dc2-a7f7-4ccc8a739d8a" />
    <UnitTestResult executionId="591a59e2-24c2-4bea-aeb0-8f0ea9b3ffb0" testId="fa81fd90-2a51-8bff-1e8a-5ea92b0095be" testName="Kor.Operations.Tests.Financials.MetricDefinitions.BdMethodologyKeysTests.BuildAiMethodologyBlock_EmitsHeaderForEachBdKey" computerName="KOR-1001" duration="00:00:00.0000833" startTime="2026-08-27T16:23:31.6991677-07:00" endTime="2026-08-27T16:23:31.6991677-07:00" testType="13cdc9d9-ddb5-4fa4-a97d-d965ccfc6d4b" outcome="Passed" testListId="8c84fa94-04c1-424b-9868-57a2d4851a1d" relativeResultsDirectory="591a59e2-24c2-4bea-aeb0-8f0ea9b3ffb0" />
    <UnitTestResult executionId="d30ac9e2-76f0-47c1-bf27-4b0be770bc99" testId="6a1712e3-4322-b340-3dc6-3c4944ab0294" testName="Kor.Operations.App.Tests.HomeTileVisibilityStateTests.Security_lookup_failure_collapses_financials_and_compensation" computerName="KOR-1001" duration="00:00:00.0237644" startTime="2026-08-27T16:22:33.9792715-07:00" endTime="2026-08-27T16:22:33.9792721-07:00" testType="13cdc9d9-ddb5-4fa4-a97d-d965ccfc6d4b" outcome="Passed" testListId="8c84fa94-04c1-424b-9868-57a2d4851a1d" relativeResultsDirectory="d30ac9e2-76f0-47c1-bf27-4b0be770bc99" />
    <UnitTestResult executionId="fc2dc4c6-43a0-46eb-8e22-7b3b681f6470" testId="55c48e82-8207-9c70-4ded-d758f2cd04b0" testName="Kor.Operations.Tests.BcBidScraperTests.ResolveKeywordFilter_WithConfiguredEngineeringKeyword_ReturnsTrimmedKeyword" computerName="KOR-1001" duration="00:00:00.0000894" startTime="2026-08-27T16:22:36.7125280-07:00" endTime="2026-08-27T16:22:36.7125281-07:00" testType="13cdc9d9-ddb5-4fa4-a97d-d965ccfc6d4b" outcome="Passed" testListId="8c84fa94-04c1-424b-9868-57a2d4851a1d" relativeResultsDirectory="fc2dc4c6-43a0-46eb-8e22-7b3b681f6470" />
    <UnitTestResult executionId="e8118e54-316a-4d01-a642-6bd9691422d5" testId="62a57344-ff84-100d-b24f-e094a5944b37" testName="Kor.Operations.Tests.Financials.MetricDefinitions.ToolDefinitionDriftTests.Phrase_AppearsInBothDefinitionAndTool(definitionKey: &quot;Exec_NetProfit&quot;, toolFile: &quot;FirmHealthTool.cs&quot;, phrase: &quot;DirectLaborCost12Mo&quot;)" computerName="KOR-1001" duration="00:00:00.0022457" startTime="2026-08-27T16:22:37.2746206-07:00" endTime="2026-08-27T16:22:37.2746207-07:00" testType="13cdc9d9-ddb5-4fa4-a97d-d965ccfc6d4b" outcome="Passed" testListId="8c84fa94-04c1-424b-9868-57a2d4851a1d" relativeResultsDirectory="e8118e54-316a-4d01-a642-6bd9691422d5" />
    <UnitTestResult executionId="b052976a-adec-4d11-9f6b-b95ba8670886" testId="a9564adb-3e09-7e97-a9a0-a2d03eda1d3d" testName="Kor.Operations.Tests.Financials.MetricDefinitions.ToolDefinitionDriftTests.Phrase_AppearsInBothDefinitionAndTool(definitionKey: &quot;Exec_NetMultiplier&quot;, toolFile: &quot;FirmHealthTool.cs&quot;, phrase: &quot;4001&quot;)" computerName="KOR-1001" duration="00:00:00.0002072" startTime="2026-08-27T16:22:37.2711231-07:00" endTime="2026-08-27T16:22:37.2711232-07:00" testType="13cdc9d9-ddb5-4fa4-a97d-d965ccfc6d4b" outcome="Passed" testListId="8c84fa94-04c1-424b-9868-57a2d4851a1d" relativeResultsDirectory="b052976a-adec-4d11-9f6b-b95ba8670886" />
    <UnitTestResult executionId="58f104d1-2786-46cb-9d1b-4fab1bba56e4" testId="b6988772-5ed1-a898-c7b3-d061ccb5bfcf" testName="Kor.Operations.App.Tests.BdReports.PrimeConsultantReportGeneratorTests.Parser_ReadsPrimeConsultantContract" computerName="KOR-1001" duration="00:00:00.0002297" startTime="2026-08-27T16:23:33.7247949-07:00" endTime="2026-08-27T16:23:33.7247949-07:00" testType="13cdc9d9-ddb5-4fa4-a97d-d965ccfc6d4b" outcome="Passed" testListId="8c84fa94-04c1-424b-9868-57a2d4851a1d" relativeResultsDirectory="58f104d1-2786-46cb-9d1b-4fab1bba56e4" />
    <UnitTestResult executionId="fb08a27f-5b10-4e72-8afa-ac3630f9bd2c" testId="60e99cbd-5e95-72c4-c1ed-9b13d8b677cf" testName="Kor.Operations.App.Tests.BdReports.ArchitectFrequencyReportGeneratorTests.Build_EmptyRanking_DoesNotThrow" computerName="KOR-1001" duration="00:00:00.0002150" startTime="2026-08-27T16:22:37.2594695-07:00" endTime="2026-08-27T16:22:37.2594696-07:00" testType="13cdc9d9-ddb5-4fa4-a97d-d965ccfc6d4b" outcome="Passed" testListId="8c84fa94-04c1-424b-9868-57a2d4851a1d" relativeResultsDirectory="fb08a27f-5b10-4e72-8afa-ac3630f9bd2c" />
    <UnitTestResult executionId="7c6d76a8-5a96-4ef2-8fde-8269bc294a7c" testId="d4d3783a-3c50-0473-31ea-1c76992920b8" testName="Kor.Operations.App.Tests.FileSyncModeSummaryTests.Heartbeat_grid_binds_to_derived_job_mode_summary_not_global_mode" computerName="KOR-1001" duration="00:00:00.0006405" startTime="2026-08-27T16:23:31.1581641-07:00" endTime="2026-08-27T16:23:31.1581643-07:00" testType="13cdc9d9-ddb5-4fa4-a97d-d965ccfc6d4b" outcome="Passed" testListId="8c84fa94-04c1-424b-9868-57a2d4851a1d" relativeResultsDirectory="7c6d76a8-5a96-4ef2-8fde-8269bc294a7c" />
    <UnitTestResult executionId="786defee-548e-4816-83c5-8db24e0c5a34" testId="c5225c5e-6c75-7570-d359-2b495f227bf2" testName="Kor.Operations.App.Tests.BdReports.ArchitectFrequencyReportGeneratorTests.Build_SplitsKorAlignedFromNewTargets" computerName="KOR-1001" duration="00:00:00.0055272" startTime="2026-08-27T16:22:37.2591540-07:00" endTime="2026-08-27T16:22:37.2591543-07:00" testType="13cdc9d9-ddb5-4fa4-a97d-d965ccfc6d4b" outcome="Passed" testListId="8c84fa94-04c1-424b-9868-57a2d4851a1d" relativeResultsDirectory="786defee-548e-4816-83c5-8db24e0c5a34" />
    <UnitTestResult executionId="93d90a82-7b3c-4bea-ac18-28f7e0500a10" testId="63cdc6f7-0afd-7e84-75aa-61b37175e082" testName="Kor.Operations.Tests.Financials.MetricDefinitions.ToolDefinitionDriftTests.Phrase_AppearsInBothDefinitionAndTool(definitionKey: &quot;Exec_CashPosition&quot;, toolFile: &quot;CashTool.cs&quot;, phrase: &quot;LedgerAR&quot;)" computerName="KOR-1001" duration="00:00:00.0001430" startTime="2026-08-27T16:22:37.2684798-07:00" endTime="2026-08-27T16:22:37.2684799-07:00" testType="13cdc9d9-ddb5-4fa4-a97d-d965ccfc6d4b" outcome="Passed" testListId="8c84fa94-04c1-424b-9868-57a2d4851a1d" relativeResultsDirectory="93d90a82-7b3c-4bea-ac18-28f7e0500a10" />
    <UnitTestResult executionId="0ace505f-3c2c-4379-acdc-8a6c9ab4ada3" testId="ceb30317-470d-d2d4-26e0-6dbdd8cc4c16" testName="Kor.Operations.Tests.Financials.MetricDefinitions.ToolDefinitionDriftTests.Phrase_AppearsInBothDefinitionAndTool(definitionKey: &quot;Exec_NetMultiplier&quot;, toolFile: &quot;FirmHealthTool.cs&quot;, phrase: &quot;4220&quot;)" computerName="KOR-1001" duration="00:00:00.0003102" startTime="2026-08-27T16:22:37.2700227-07:00" endTime="2026-08-27T16:22:37.2700229-07:00" testType="13cdc9d9-ddb5-4fa4-a97d-d965ccfc6d4b" outcome="Passed" testListId="8c84fa94-04c1-424b-9868-57a2d4851a1d" relativeResultsDirectory="0ace505f-3c2c-4379-acdc-8a6c9ab4ada3" />
    <UnitTestResult executionId="6b5a38ac-4e14-40eb-8b25-6798c1e18476" testId="ab97575c-3857-ad7f-359a-6f8d657c259a" testName="Kor.Operations.App.Tests.BdReports.HoningResultParserTests.LegacyShapeA_FirstPassLike_NoVerdict_RootFieldsRead" computerName="KOR-1001" duration="00:00:00.0001268" startTime="2026-08-27T16:23:31.7111183-07:00" endTime="2026-08-27T16:23:31.7111184-07:00" testType="13cdc9d9-ddb5-4fa4-a97d-d965ccfc6d4b" outcome="Passed" testListId="8c84fa94-04c1-424b-9868-57a2d4851a1d" relativeResultsDirectory="6b5a38ac-4e14-40eb-8b25-6798c1e18476" />
    <UnitTestResult executionId="d77a9b4d-27a8-4914-a4e9-fc9a1e4931f6" testId="3e0f921c-bd17-f82f-514b-8d54bd523f84" testName="Kor.Operations.App.Tests.AiResultDecisionTests.Failed_ai_response_is_not_appended_to_conversation_history" computerName="KOR-1001" duration="00:00:00.0023362" startTime="2026-08-27T16:23:31.1615655-07:00" endTime="2026-08-27T16:23:31.1615657-07:00" testType="13cdc9d9-ddb5-4fa4-a97d-d965ccfc6d4b" outcome="Passed" testListId="8c84fa94-04c1-424b-9868-57a2d4851a1d" relativeResultsDirectory="d77a9b4d-27a8-4914-a4e9-fc9a1e4931f6" />
    <UnitTestResult executionId="dd242ecf-5b3f-42ff-8c54-f933e2926813" testId="e3ba6390-8216-a723-f22e-29bcbc38ed19" testName="Kor.Operations.Tests.Services.AppAiContextBuilderTests.Unregister_StaleInstance_DoesNotEvictSupersedingProvider" computerName="KOR-1001" duration="00:00:00.0001045" startTime="2026-08-27T16:22:37.2491834-07:00" endTime="2026-08-27T16:22:37.2491835-07:00" testType="13cdc9d9-ddb5-4fa4-a97d-d965ccfc6d4b" outcome="Passed" testListId="8c84fa94-04c1-424b-9868-57a2d4851a1d" relativeResultsDirectory="dd242ecf-5b3f-42ff-8c54-f933e2926813" />
    <UnitTestResult executionId="b408384f-426d-46b4-9f0e-ac2f069aba53" testId="b056b58e-9779-2a54-ba78-2f4c5de1a6de" testName="Kor.Operations.App.Tests.BdReports.ExecSummaryReportGeneratorTests.Build_EmptyPipeline_DoesNotThrow" computerName="KOR-1001" duration="00:00:00.0002843" startTime="2026-08-27T16:22:37.2625050-07:00" endTime="2026-08-27T16:22:37.2625051-07:00" testType="13cdc9d9-ddb5-4fa4-a97d-d965ccfc6d4b" outcome="Passed" testListId="8c84fa94-04c1-424b-9868-57a2d4851a1d" relativeResultsDirectory="b408384f-426d-46b4-9f0e-ac2f069aba53" />
    <UnitTestResult executionId="4c1116ca-7632-4cf6-9c42-6d01752089d8" testId="022c9815-0e51-0c33-a522-e0ef2334a627" testName="Kor.Operations.App.Tests.PMTools.HistoricalAnalyticsTooltipTests.FeePerHourTooltipsBindToObservedComparisonRate" computerName="KOR-1001" duration="00:00:00.0009402" startTime="2026-08-27T16:23:30.6649275-07:00" endTime="2026-08-27T16:23:30.6649282-07:00" testType="13cdc9d9-ddb5-4fa4-a97d-d965ccfc6d4b" outcome="Passed" testListId="8c84fa94-04c1-424b-9868-57a2d4851a1d" relativeResultsDirectory="4c1116ca-7632-4cf6-9c42-6d01752089d8" />
    <UnitTestResult executionId="ae0e4075-6c59-4521-aff6-1d8e0c5735be" testId="e7c76a7e-60d2-7c55-e880-f3bd015174c4" testName="Kor.Operations.App.Tests.BdReports.SectorReportDefinitionCatalogTests.Keys_AreUniqueCaseInsensitive" computerName="KOR-1001" duration="00:00:00.0003909" startTime="2026-08-27T16:23:33.7376351-07:00" endTime="2026-08-27T16:23:33.7376352-07:00" testType="13cdc9d9-ddb5-4fa4-a97d-d965ccfc6d4b" outcome="Passed" testListId="8c84fa94-04c1-424b-9868-57a2d4851a1d" relativeResultsDirectory="ae0e4075-6c59-4521-aff6-1d8e0c5735be" />
    <UnitTestResult executionId="0a8b04ca-41ff-490a-878a-034cdacc823a" testId="984ad54c-56c5-d445-8229-a62359a6504b" testName="Kor.Operations.App.Tests.BdReports.KorReportLinksTests.TryParse_RejectsMalformedUris(uri: null)" computerName="KOR-1001" duration="00:00:00.0000014" startTime="2026-08-27T16:23:30.6656387-07:00" endTime="2026-08-27T16:23:30.6656388-07:00" testType="13cdc9d9-ddb5-4fa4-a97d-d965ccfc6d4b" outcome="Passed" testListId="8c84fa94-04c1-424b-9868-57a2d4851a1d" relativeResultsDirectory="0a8b04ca-41ff-490a-878a-034cdacc823a" />
    <UnitTestResult executionId="301b3b47-3e9b-4921-95ec-083fb653bd77" testId="a659eec6-ba9c-52b6-a5a6-683b7ec2df75" testName="Kor.Operations.App.Tests.BdReports.SectorReportDefinitionCatalogTests.EveryDefinition_HasTitleReportTitleAndParenthesizedFilter" computerName="KOR-1001" duration="00:00:00.0002049" startTime="2026-08-27T16:23:33.7384538-07:00" endTime="2026-08-27T16:23:33.7384539-07:00" testType="13cdc9d9-ddb5-4fa4-a97d-d965ccfc6d4b" outcome="Passed" testListId="8c84fa94-04c1-424b-9868-57a2d4851a1d" relativeResultsDirectory="301b3b47-3e9b-4921-95ec-083fb653bd77" />
    <UnitTestResult executionId="feb246ca-04a1-4e65-879f-259c4d610668" testId="f1dfd889-1b98-a573-5d0a-0276ed4264bd" testName="Kor.Operations.Tests.CsvFilterHelperTests.PassesWordBoundaryFilter_WhenBcOrAlbertaRegionContainsIsolatedToken_ReturnsTrue" computerName="KOR-1001" duration="00:00:00.0001075" startTime="2026-08-27T16:23:30.8630520-07:00" endTime="2026-08-27T16:23:30.8630521-07:00" testType="13cdc9d9-ddb5-4fa4-a97d-d965ccfc6d4b" outcome="Passed" testListId="8c84fa94-04c1-424b-9868-57a2d4851a1d" relativeResultsDirectory="feb246ca-04a1-4e65-879f-259c4d610668" />
    <UnitTestResult executionId="bd9d0eee-9a19-4e29-a433-203b9f1cb649" testId="4b45d4ce-3773-dbea-a4c1-0fabbaa02ddf" testName="Kor.Operations.App.Tests.BdReports.KorReportLinksTests.Opportunity_MintsAndRoundTrips" computerName="KOR-1001" duration="00:00:00.0005241" startTime="2026-08-27T16:23:30.6680943-07:00" endTime="2026-08-27T16:23:30.6680944-07:00" testType="13cdc9d9-ddb5-4fa4-a97d-d965ccfc6d4b" outcome="Passed" testListId="8c84fa94-04c1-424b-9868-57a2d4851a1d" relativeResultsDirectory="bd9d0eee-9a19-4e29-a433-203b9f1cb649" />
    <UnitTestResult executionId="29563fdd-9cf6-4ae6-a622-ca0e6a2422a4" testId="5e035e71-91af-5eff-1ef0-3fb08fdca65d" testName="Kor.Operations.Tests.Financials.Executive.ThresholdParityTests.Ar60KpiDrilldown_IncludesNegativeAgedBalance" computerName="KOR-1001" duration="00:00:00.0002859" startTime="2026-08-27T16:23:31.1634187-07:00" endTime="2026-08-27T16:23:31.1634189-07:00" testType="13cdc9d9-ddb5-4fa4-a97d-d965ccfc6d4b" outcome="Passed" testListId="8c84fa94-04c1-424b-9868-57a2d4851a1d" relativeResultsDirectory="29563fdd-9cf6-4ae6-a622-ca0e6a2422a4" />
    <UnitTestResult executionId="ab3259ba-b662-471e-8fc7-655db3a9d84f" testId="94c1b3b7-c0ec-8a38-70af-3118b0a73e57" testName="Kor.Operations.App.Tests.BdReports.KorReportLinksTests.TryParse_RejectsMalformedOpportunityUris(uri: &quot;kor://opp/0&quot;)" computerName="KOR-1001" duration="00:00:00.0000023" startTime="2026-08-27T16:23:30.6660745-07:00" endTime="2026-08-27T16:23:30.6660746-07:00" testType="13cdc9d9-ddb5-4fa4-a97d-d965ccfc6d4b" outcome="Passed" testListId="8c84fa94-04c1-424b-9868-57a2d4851a1d" relativeResultsDirectory="ab3259ba-b662-471e-8fc7-655db3a9d84f" />
    <UnitTestResult executionId="1c769950-30ab-4218-bff7-a2e2e090b84d" testId="cc8db67c-4b59-de7a-9cf6-b4730d4800f3" testName="Kor.Operations.App.Tests.BdReports.BdVerdictsTests.IsUrgent_ParityWithPowerShellBuilders(verdict: null, korAngle: &quot;URGENT&quot;, expected: False)" computerName="KOR-1001" duration="00:00:00.0000012" startTime="2026-08-27T16:23:31.1666216-07:00" endTime="2026-08-27T16:23:31.1666216-07:00" testType="13cdc9d9-ddb5-4fa4-a97d-d965ccfc6d4b" outcome="Passed" testListId="8c84fa94-04c1-424b-9868-57a2d4851a1d" relativeResultsDirectory="1c769950-30ab-4218-bff7-a2e2e090b84d" />
    <UnitTestResult executionId="318d1d72-7745-46e9-b2a2-df82de6404da" testId="ebc707cf-b8da-1fb5-06c3-4e33c8f4be68" testName="Kor.Operations.Tests.Financials.FinancialsViewModelDrillDownTests.SelectedProjectHasValue_ReflectsSelection" computerName="KOR-1001" duration="00:00:00.0001524" startTime="2026-08-27T16:22:36.7212710-07:00" endTime="2026-08-27T16:22:36.7212711-07:00" testType="13cdc9d9-ddb5-4fa4-a97d-d965ccfc6d4b" outcome="Passed" testListId="8c84fa94-04c1-424b-9868-57a2d4851a1d" relativeResultsDirectory="318d1d72-7745-46e9-b2a2-df82de6404da" />
    <UnitTestResult executionId="2653d29a-8d17-4f1d-902b-8f932d1a8d10" testId="fdc401aa-8e82-1be1-64b1-925f655053ca" testName="Kor.Operations.App.Tests.DuplicateResourceKeyTests.No_duplicate_resource_keys_across_global_dictionaries" computerName="KOR-1001" duration="00:00:00.1167313" startTime="2026-08-27T16:23:30.9839672-07:00" endTime="2026-08-27T16:23:30.9839675-07:00" testType="13cdc9d9-ddb5-4fa4-a97d-d965ccfc6d4b" outcome="Passed" testListId="8c84fa94-04c1-424b-9868-57a2d4851a1d" relativeResultsDirectory="2653d29a-8d17-4f1d-902b-8f932d1a8d10" />
    <UnitTestResult executionId="fb762ab2-000b-4091-a9e4-75b01bf77721" testId="256a641f-b21b-bf7c-4953-bae7a7dfa7d8" testName="Kor.Operations.App.Tests.BdReports.BdVerdictsTests.IsUrgent_ParityWithPowerShellBuilders(verdict: &quot;MONITOR&quot;, korAngle: &quot;URGENT future phase&quot;, expected: False)" computerName="KOR-1001" duration="00:00:00.0000010" startTime="2026-08-27T16:23:31.1666801-07:00" endTime="2026-08-27T16:23:31.1666802-07:00" testType="13cdc9d9-ddb5-4fa4-a97d-d965ccfc6d4b" outcome="Passed" testListId="8c84fa94-04c1-424b-9868-57a2d4851a1d" relativeResultsDirectory="fb762ab2-000b-4091-a9e4-75b01bf77721" />
    <UnitTestResult executionId="d2021ad4-fd25-40f0-8676-067cbf28c2c0" testId="86a878b9-dde4-eea0-38bb-f75759d035b4" testName="Kor.Operations.Tests.Financials.MetricDefinitions.PmToolsMethodologyKeysTests.EveryPmToolsAiKey_ResolvesToMethodologyText(key: &quot;PmTools_DraftPercent&quot;)" computerName="KOR-1001" duration="00:00:00.0000011" startTime="2026-08-27T16:23:33.7366944-07:00" endTime="2026-08-27T16:23:33.7366945-07:00" testType="13cdc9d9-ddb5-4fa4-a97d-d965ccfc6d4b" outcome="Passed" testListId="8c84fa94-04c1-424b-9868-57a2d4851a1d" relativeResultsDirectory="d2021ad4-fd25-40f0-8676-067cbf28c2c0" />
    <UnitTestResult executionId="eb6c8779-0eaf-4fb3-98d6-237d59228c9c" testId="b4b66a9b-f71a-b98d-b3c5-72a96b76787c" testName="Kor.Operations.Tests.CsvFilterHelperTests.PassesSubstringFilter_WhenValueDoesNotContainKeepToken_ReturnsFalse" computerName="KOR-1001" duration="00:00:00.0000579" startTime="2026-08-27T16:23:30.8616268-07:00" endTime="2026-08-27T16:23:30.8616269-07:00" testType="13cdc9d9-ddb5-4fa4-a97d-d965ccfc6d4b" outcome="Passed" testListId="8c84fa94-04c1-424b-9868-57a2d4851a1d" relativeResultsDirectory="eb6c8779-0eaf-4fb3-98d6-237d59228c9c" />
    <UnitTestResult executionId="9be3cb49-0e45-4662-880c-7a863ad190f5" testId="6348ba86-655c-84b8-6ff4-df03fa08ef4a" testName="Kor.Operations.Tests.RssOpportunityProviderTests.ParseRssItems_WithBadUrl_SkipsItem" computerName="KOR-1001" duration="00:00:00.0005498" startTime="2026-08-27T16:23:30.6713032-07:00" endTime="2026-08-27T16:23:30.6713033-07:00" testType="13cdc9d9-ddb5-4fa4-a97d-d965ccfc6d4b" outcome="Passed" testListId="8c84fa94-04c1-424b-9868-57a2d4851a1d" relativeResultsDirectory="9be3cb49-0e45-4662-880c-7a863ad190f5" />
    <UnitTestResult executionId="b2c0ca52-8bb2-455e-8f93-597cbbcd3a47" testId="c023fb2c-3c11-fd82-f354-ba645351b0e4" testName="Kor.Operations.Tests.Financials.Executive.AlertPathParityTests.Backlog_AlertRows_IncludeUnpostedOverlayLikeKpiRows" computerName="KOR-1001" duration="00:00:00.0003537" startTime="2026-08-27T16:23:31.6952115-07:00" endTime="2026-08-27T16:23:31.6952116-07:00" testType="13cdc9d9-ddb5-4fa4-a97d-d965ccfc6d4b" outcome="Passed" testListId="8c84fa94-04c1-424b-9868-57a2d4851a1d" relativeResultsDirectory="b2c0ca52-8bb2-455e-8f93-597cbbcd3a47" />
    <UnitTestResult executionId="9dcac391-7bcf-4df5-9aee-274623bb0ff2" testId="90fdab1d-cb87-dca9-92ca-d5bb49e3e5f7" testName="Kor.Operations.Tests.CsvFilterHelperTests.PassesWordBoundaryFilter_WhenBcsContainsBc_ReturnsFalse" computerName="KOR-1001" duration="00:00:00.0003489" startTime="2026-08-27T16:23:30.8620025-07:00" endTime="2026-08-27T16:23:30.8620025-07:00" testType="13cdc9d9-ddb5-4fa4-a97d-d965ccfc6d4b" outcome="Passed" testListId="8c84fa94-04c1-424b-9868-57a2d4851a1d" relativeResultsDirectory="9dcac391-7bcf-4df5-9aee-274623bb0ff2" />
    <UnitTestResult executionId="04d2281e-161b-4a41-bbdc-8367598ea14e" testId="0620815d-4070-ad1c-f927-6eb2e320b0eb" testName="Kor.Operations.App.Tests.BdReports.CallSheetReportGeneratorTests.Build_SplitsTopThreeFromRemainingUrgent_AndRanksByCost" computerName="KOR-1001" duration="00:00:00.0059339" startTime="2026-08-27T16:22:33.9535920-07:00" endTime="2026-08-27T16:22:33.9535925-07:00" testType="13cdc9d9-ddb5-4fa4-a97d-d965ccfc6d4b" outcome="Passed" testListId="8c84fa94-04c1-424b-9868-57a2d4851a1d" relativeResultsDirectory="04d2281e-161b-4a41-bbdc-8367598ea14e" />
    <UnitTestResult executionId="828c71fc-0356-4997-b207-81758ffafad0" testId="62933f4f-bdd9-cf33-a3a9-9e951bac2c14" testName="Kor.Operations.Tests.Financials.MetricDefinitions.ToolDefinitionDriftTests.Phrase_AppearsInBothDefinitionAndTool(definitionKey: &quot;Exec_CashPosition&quot;, toolFile: &quot;CashTool.cs&quot;, phrase: &quot;GLSummary&quot;)" computerName="KOR-1001" duration="00:00:00.0002025" startTime="2026-08-27T16:22:37.2679654-07:00" endTime="2026-08-27T16:22:37.2679655-07:00" testType="13cdc9d9-ddb5-4fa4-a97d-d965ccfc6d4b" outcome="Passed" testListId="8c84fa94-04c1-424b-9868-57a2d4851a1d" relativeResultsDirectory="828c71fc-0356-4997-b207-81758ffafad0" />
    <UnitTestResult executionId="cb4f82ab-1169-4d1c-b904-2831aedb728e" testId="2628930b-5fa5-55b1-67a7-3e661bca6ede" testName="Kor.Operations.App.Tests.BdReports.HoningResultParserTests.OverallConfidenceAsString_IsParsedInvariant" computerName="KOR-1001" duration="00:00:00.0000490" startTime="2026-08-27T16:23:31.7116065-07:00" endTime="2026-08-27T16:23:31.7116065-07:00" testType="13cdc9d9-ddb5-4fa4-a97d-d965ccfc6d4b" outcome="Passed" testListId="8c84fa94-04c1-424b-9868-57a2d4851a1d" relativeResultsDirectory="cb4f82ab-1169-4d1c-b904-2831aedb728e" />
    <UnitTestResult executionId="50a703fa-704e-4f05-9309-b68199cab388" testId="8da313f9-85e1-7bd3-22e9-c4deca444f6b" testName="Kor.Operations.App.Tests.UnboundCommandPropertyTests.Analyzer_flags_unbound_command_against_synthetic_vm" computerName="KOR-1001" duration="00:00:00.0003261" startTime="2026-08-27T16:23:30.6637552-07:00" endTime="2026-08-27T16:23:30.6637553-07:00" testType="13cdc9d9-ddb5-4fa4-a97d-d965ccfc6d4b" outcome="Passed" testListId="8c84fa94-04c1-424b-9868-57a2d4851a1d" relativeResultsDirectory="50a703fa-704e-4f05-9309-b68199cab388" />
    <UnitTestResult executionId="91f5ec9a-d007-4a89-aef5-1853708063a5" testId="69546e32-a4ac-f473-3a9e-e5e571cb91aa" testName="Kor.Operations.Tests.Financials.MetricDefinitions.ToolDefinitionDriftTests.Phrase_AppearsInBothDefinitionAndTool(definitionKey: &quot;Exec_Utilization30&quot;, toolFile: &quot;UtilizationTool.cs&quot;, phrase: &quot;LaborCode&quot;)" computerName="KOR-1001" duration="00:00:00.0004211" startTime="2026-08-27T16:22:37.2694960-07:00" endTime="2026-08-27T16:22:37.2694960-07:00" testType="13cdc9d9-ddb5-4fa4-a97d-d965ccfc6d4b" outcome="Passed" testListId="8c84fa94-04c1-424b-9868-57a2d4851a1d" relativeResultsDirectory="91f5ec9a-d007-4a89-aef5-1853708063a5" />
    <UnitTestResult executionId="1d35b5f1-4dd1-49ba-a0ae-1c6cb1c611a8" testId="1c7e251a-ce32-add1-1685-4905a0e8d61e" testName="Kor.Operations.Tests.Financials.FinancialsViewModelDrillDownTests.BuildLocalContext_ReturnsEmpty_WhenNothingSelected" computerName="KOR-1001" duration="00:00:00.0001093" startTime="2026-08-27T16:22:36.7210752-07:00" endTime="2026-08-27T16:22:36.7210753-07:00" testType="13cdc9d9-ddb5-4fa4-a97d-d965ccfc6d4b" outcome="Passed" testListId="8c84fa94-04c1-424b-9868-57a2d4851a1d" relativeResultsDirectory="1d35b5f1-4dd1-49ba-a0ae-1c6cb1c611a8" />
    <UnitTestResult executionId="008beaec-6b4f-41e4-b302-b02c5b8d47f0" testId="8b4c9f22-7b2f-8384-580c-7c1598f20c9c" testName="Kor.Operations.App.Tests.UnusedPrivateTypeTests.Analyzer_flags_unused_private_type_against_synthetic_class" computerName="KOR-1001" duration="00:00:00.0154419" startTime="2026-08-27T16:23:33.7567776-07:00" endTime="2026-08-27T16:23:33.7567781-07:00" testType="13cdc9d9-ddb5-4fa4-a97d-d965ccfc6d4b" outcome="Passed" testListId="8c84fa94-04c1-424b-9868-57a2d4851a1d" relativeResultsDirectory="008beaec-6b4f-41e4-b302-b02c5b8d47f0" />
    <UnitTestResult executionId="8a66870e-e6c6-4ec3-abe8-f4505605101c" testId="ec0e1e78-c0de-a886-374e-84e6660331d6" testName="Kor.Operations.App.Tests.BdReports.HoningResultParserTests.LegacyShapeC_NestedHoningPass_WithRootMetadata_HoningPassWins" computerName="KOR-1001" duration="00:00:00.0000342" startTime="2026-08-27T16:23:31.7115866-07:00" endTime="2026-08-27T16:23:31.7115867-07:00" testType="13cdc9d9-ddb5-4fa4-a97d-d965ccfc6d4b" outcome="Passed" testListId="8c84fa94-04c1-424b-9868-57a2d4851a1d" relativeResultsDirectory="8a66870e-e6c6-4ec3-abe8-f4505605101c" />
    <UnitTestResult executionId="6823cf7a-6fa2-4cde-b3eb-b9f1584202b6" testId="9f38cace-7161-3811-5422-4fefd4d17bbe" testName="Kor.Operations.Tests.Financials.MetricDefinitions.ToolDefinitionDriftTests.Phrase_AppearsInBothDefinitionAndTool(definitionKey: &quot;Exec_Utilization30&quot;, toolFile: &quot;UtilizationTool.cs&quot;, phrase: &quot;[A-Z]%&quot;)" computerName="KOR-1001" duration="00:00:00.0002546" startTime="2026-08-27T16:22:37.2783937-07:00" endTime="2026-08-27T16:22:37.2783938-07:00" testType="13cdc9d9-ddb5-4fa4-a97d-d965ccfc6d4b" outcome="Passed" testListId="8c84fa94-04c1-424b-9868-57a2d4851a1d" relativeResultsDirectory="6823cf7a-6fa2-4cde-b3eb-b9f1584202b6" />
    <UnitTestResult executionId="059ecebf-6196-4b04-ae99-e8c224b9e6b5" testId="9f2a2f13-c5c3-26ce-11bf-055f84d3bdfe" testName="Kor.Operations.Tests.SqlTransmittalsStoreTests.MarkSentAsync_UpdatesSentAtTimestamp" computerName="KOR-1001" duration="00:00:00.0140879" startTime="2026-08-27T16:23:30.8444443-07:00" endTime="2026-08-27T16:23:30.8444446-07:00" testType="13cdc9d9-ddb5-4fa4-a97d-d965ccfc6d4b" outcome="Passed" testListId="8c84fa94-04c1-424b-9868-57a2d4851a1d" relativeResultsDirectory="059ecebf-6196-4b04-ae99-e8c224b9e6b5" />
    <UnitTestResult executionId="45d29aca-55b3-4f11-9a9d-95e84b17320f" testId="7cf02e35-3f13-c970-7fff-4d2a08de2833" testName="Kor.Operations.App.Tests.Intel.IntelPlaceholdersTests.IsPlaceholder_CatchesDrainModelFillerText(value: null)" computerName="KOR-1001" duration="00:00:00.0002238" startTime="2026-08-27T16:22:37.2366783-07:00" endTime="2026-08-27T16:22:37.2366785-07:00" testType="13cdc9d9-ddb5-4fa4-a97d-d965ccfc6d4b" outcome="Passed" testListId="8c84fa94-04c1-424b-9868-57a2d4851a1d" relativeResultsDirectory="45d29aca-55b3-4f11-9a9d-95e84b17320f" />
    <UnitTestResult executionId="f915cb11-e586-4920-9a49-a92681a51437" testId="fd2977c6-ec96-4376-65bf-cf47169ea39d" testName="Kor.Operations.Tests.RssOpportunityProviderTests.ParseRssItems_WithEmptyLink_SkipsItem" computerName="KOR-1001" duration="00:00:00.0000688" startTime="2026-08-27T16:23:30.6761687-07:00" endTime="2026-08-27T16:23:30.6761688-07:00" testType="13cdc9d9-ddb5-4fa4-a97d-d965ccfc6d4b" outcome="Passed" testListId="8c84fa94-04c1-424b-9868-57a2d4851a1d" relativeResultsDirectory="f915cb11-e586-4920-9a49-a92681a51437" />
    <UnitTestResult executionId="ba5531d0-a6f9-4c88-8af0-3f65826569fd" testId="84cb5d90-6aa5-9d8f-55ff-546d76c49d8d" testName="Kor.Operations.Tests.Financials.Executive.EmptyScopeTests.EmptyWatchlist_ScopedKpis_ReturnDataUnavailable(title: &quot;Backlog&quot;)" computerName="KOR-1001" duration="00:00:00.0004991" startTime="2026-08-27T16:22:37.6503519-07:00" endTime="2026-08-27T16:22:37.6503520-07:00" testType="13cdc9d9-ddb5-4fa4-a97d-d965ccfc6d4b" outcome="Passed" testListId="8c84fa94-04c1-424b-9868-57a2d4851a1d" relativeResultsDirectory="ba5531d0-a6f9-4c88-8af0-3f65826569fd" />
    <UnitTestResult executionId="1ae1b6cd-e54e-4c28-a176-46769eb2e13a" testId="9205b36f-c271-2a8b-dd8c-dbce1633b7c8" testName="Kor.Operations.App.Tests.BdReports.BdReportsViewModelTests.LoadAsync_PopulatesSectorCards_AndAiContext" computerName="KOR-1001" duration="00:00:00.0119138" startTime="2026-08-27T16:22:34.0801301-07:00" endTime="2026-08-27T16:22:34.0801305-07:00" testType="13cdc9d9-ddb5-4fa4-a97d-d965ccfc6d4b" outcome="Passed" testListId="8c84fa94-04c1-424b-9868-57a2d4851a1d" relativeResultsDirectory="1ae1b6cd-e54e-4c28-a176-46769eb2e13a" />
    <UnitTestResult executionId="320bcf63-c572-4db4-bb9d-5c76d7ec7958" testId="09eb7b86-e3a2-d1c2-55b4-902b16d692c6" testName="Kor.Operations.Tests.Financials.MetricDefinitions.HistoricalMethodologyKeysTests.EveryHistAiKey_ResolvesToMethodologyText(key: &quot;Hist_FeePerHr&quot;)" computerName="KOR-1001" duration="00:00:00.0000012" startTime="2026-08-27T16:22:37.2635123-07:00" endTime="2026-08-27T16:22:37.2635124-07:00" testType="13cdc9d9-ddb5-4fa4-a97d-d965ccfc6d4b" outcome="Passed" testListId="8c84fa94-04c1-424b-9868-57a2d4851a1d" relativeResultsDirectory="320bcf63-c572-4db4-bb9d-5c76d7ec7958" />
    <UnitTestResult executionId="1d7b3553-9b93-48fe-859b-59385ee7331c" testId="9fb0543c-266e-166b-d4ac-4295ab9137c2" testName="Kor.Operations.App.Tests.BdReports.HoningResultParserTests.PerFieldFallback_HoningPassMissingField_FallsBackToRoot" computerName="KOR-1001" duration="00:00:00.0000515" startTime="2026-08-27T16:23:31.7111789-07:00" endTime="2026-08-27T16:23:31.7111790-07:00" testType="13cdc9d9-ddb5-4fa4-a97d-d965ccfc6d4b" outcome="Passed" testListId="8c84fa94-04c1-424b-9868-57a2d4851a1d" relativeResultsDirectory="1d7b3553-9b93-48fe-859b-59385ee7331c" />
    <UnitTestResult executionId="fc9884df-c30c-41f8-af58-0c65fd347328" testId="8a08b62d-eb23-40b9-9bda-2aea90b0548d" testName="Kor.Operations.App.Tests.BdReports.HoningResultParserTests.MalformedOrNonObjectJson_ReturnsEmpty_NoThrow(json: &quot;   &quot;)" computerName="KOR-1001" duration="00:00:00.0000013" startTime="2026-08-27T16:23:31.7054150-07:00" endTime="2026-08-27T16:23:31.7054150-07:00" testType="13cdc9d9-ddb5-4fa4-a97d-d965ccfc6d4b" outcome="Passed" testListId="8c84fa94-04c1-424b-9868-57a2d4851a1d" relativeResultsDirectory="fc9884df-c30c-41f8-af58-0c65fd347328" />
    <UnitTestResult executionId="7966345f-dd26-438c-80c0-a315aa0e2c7e" testId="83a5b333-646d-6da1-1631-3b54a139bb8e" testName="Kor.Operations.App.Tests.BdReports.PrimeConsultantReportGeneratorTests.Parser_MalformedOrEmpty_ReturnsEmptyNoThrow(json: &quot;{}&quot;)" computerName="KOR-1001" duration="00:00:00.0001886" startTime="2026-08-27T16:23:33.7174289-07:00" endTime="2026-08-27T16:23:33.7174289-07:00" testType="13cdc9d9-ddb5-4fa4-a97d-d965ccfc6d4b" outcome="Passed" testListId="8c84fa94-04c1-424b-9868-57a2d4851a1d" relativeResultsDirectory="7966345f-dd26-438c-80c0-a315aa0e2c7e" />
    <UnitTestResult executionId="b35112ed-50b5-4088-a11e-0316f87478ec" testId="082a7385-1d54-83cf-40d5-ca93321bbb09" testName="Kor.Operations.Tests.Services.AppAiContextBuilderTests.BuildFullContext_ConcatenatesAllRegisteredProviders_WithHeaderSeparators" computerName="KOR-1001" duration="00:00:00.0001377" startTime="2026-08-27T16:22:37.2482757-07:00" endTime="2026-08-27T16:22:37.2482759-07:00" testType="13cdc9d9-ddb5-4fa4-a97d-d965ccfc6d4b" outcome="Passed" testListId="8c84fa94-04c1-424b-9868-57a2d4851a1d" relativeResultsDirectory="b35112ed-50b5-4088-a11e-0316f87478ec" />
    <UnitTestResult executionId="2918270c-734a-4703-b333-07c0a667209f" testId="25680b3e-27c8-fdb6-63c2-c0a6b827ae6e" testName="Kor.Operations.Tests.Financials.MetricDefinitions.ToolDefinitionDriftTests.Phrase_AppearsInBothDefinitionAndTool(definitionKey: &quot;Billed_Revenue&quot;, toolFile: &quot;BilledPnLTool.cs&quot;, phrase: &quot;4001&quot;)" computerName="KOR-1001" duration="00:00:00.0001332" startTime="2026-08-27T16:22:37.2664279-07:00" endTime="2026-08-27T16:22:37.2664279-07:00" testType="13cdc9d9-ddb5-4fa4-a97d-d965ccfc6d4b" outcome="Passed" testListId="8c84fa94-04c1-424b-9868-57a2d4851a1d" relativeResultsDirectory="2918270c-734a-4703-b333-07c0a667209f" />
    <UnitTestResult executionId="bb3eb8b0-c8a3-49c0-a1a7-c045dbb8dafb" testId="69d792fd-7e08-1581-2065-b5c5496d3a7c" testName="Kor.Operations.App.Tests.Intel.IntelPlaceholdersTests.IsPlaceholder_CatchesDrainModelFillerText(value: &quot;None.&quot;)" computerName="KOR-1001" duration="00:00:00.0000053" startTime="2026-08-27T16:22:37.2369806-07:00" endTime="2026-08-27T16:22:37.2369806-07:00" testType="13cdc9d9-ddb5-4fa4-a97d-d965ccfc6d4b" outcome="Passed" testListId="8c84fa94-04c1-424b-9868-57a2d4851a1d" relativeResultsDirectory="bb3eb8b0-c8a3-49c0-a1a7-c045dbb8dafb" />
    <UnitTestResult executionId="0314e1c9-4a6e-4b45-a90c-0c08c7f86bab" testId="03205033-0b2e-9592-e60f-4ccf5af9f38c" testName="Kor.Operations.Tests.Mcp.PromptToolParityValidatorTests.Validate_TerminalBareBulletPhantomReference_Fails" computerName="KOR-1001" duration="00:00:00.0446697" startTime="2026-08-27T16:23:30.7210470-07:00" endTime="2026-08-27T16:23:30.7210474-07:00" testType="13cdc9d9-ddb5-4fa4-a97d-d965ccfc6d4b" outcome="Passed" testListId="8c84fa94-04c1-424b-9868-57a2d4851a1d" relativeResultsDirectory="0314e1c9-4a6e-4b45-a90c-0c08c7f86bab" />
    <UnitTestResult executionId="923e0c84-5aec-4ed0-a224-6b61be289235" testId="cb9dd165-f46f-b10d-e545-259288f33b49" testName="Kor.Operations.App.Tests.UserFacingExceptionMapperTests.Deltek_client_not_found_message_contains_no_implementation_detail" computerName="KOR-1001" duration="00:00:00.0055429" startTime="2026-08-27T16:22:33.9218791-07:00" endTime="2026-08-27T16:22:33.9218971-07:00" testType="13cdc9d9-ddb5-4fa4-a97d-d965ccfc6d4b" outcome="Passed" testListId="8c84fa94-04c1-424b-9868-57a2d4851a1d" relativeResultsDirectory="923e0c84-5aec-4ed0-a224-6b61be289235" />
    <UnitTestResult executionId="dbd11ec1-235f-465b-8f9b-f072f2651f46" testId="3f99cf21-d35a-4b7e-a6de-7f017b949366" testName="Kor.Operations.Tests.Financials.MetricDefinitions.PmToolsMethodologyKeysTests.EveryPmToolsAiKey_ResolvesToMethodologyText(key: &quot;PmTools_CapacityRisk&quot;)" computerName="KOR-1001" duration="00:00:00.0000017" startTime="2026-08-27T16:23:33.7370481-07:00" endTime="2026-08-27T16:23:33.7370481-07:00" testType="13cdc9d9-ddb5-4fa4-a97d-d965ccfc6d4b" outcome="Passed" testListId="8c84fa94-04c1-424b-9868-57a2d4851a1d" relativeResultsDirectory="dbd11ec1-235f-465b-8f9b-f072f2651f46" />
    <UnitTestResult executionId="f9faf3fb-58ab-4c51-b8c3-699f5981518d" testId="2774248c-b727-1f6b-7d96-00a50e9604c9" testName="Kor.Operations.Tests.FinancialCalculationTests.Median_OddCount" computerName="KOR-1001" duration="00:00:00.0000486" startTime="2026-08-27T16:22:37.6497720-07:00" endTime="2026-08-27T16:22:37.6497721-07:00" testType="13cdc9d9-ddb5-4fa4-a97d-d965ccfc6d4b" outcome="Passed" testListId="8c84fa94-04c1-424b-9868-57a2d4851a1d" relativeResultsDirectory="f9faf3fb-58ab-4c51-b8c3-699f5981518d" />
    <UnitTestResult executionId="dc61af67-6297-47fc-a995-46b58fe93656" testId="322d0276-3793-423b-3845-f55cd2845d92" testName="Kor.Operations.Tests.Mcp.PromptToolParityValidatorTests.Validate_BacktickedPhantomReference_Fails" computerName="KOR-1001" duration="00:00:00.0004531" startTime="2026-08-27T16:23:30.7225390-07:00" endTime="2026-08-27T16:23:30.7225393-07:00" testType="13cdc9d9-ddb5-4fa4-a97d-d965ccfc6d4b" outcome="Passed" testListId="8c84fa94-04c1-424b-9868-57a2d4851a1d" relativeResultsDirectory="dc61af67-6297-47fc-a995-46b58fe93656" />
    <UnitTestResult executionId="3785cbe6-a4e3-413d-bfc6-831a7215c6f3" testId="b5636aff-4b13-ed7e-ae0e-982da11f2ca7" testName="Kor.Operations.App.Tests.BdReports.BdReportsViewModelTests.BuildPreviewAsync_WithoutSelection_ReturnsNull" computerName="KOR-1001" duration="00:00:00.0013274" startTime="2026-08-27T16:22:34.0818147-07:00" endTime="2026-08-27T16:22:34.0818148-07:00" testType="13cdc9d9-ddb5-4fa4-a97d-d965ccfc6d4b" outcome="Passed" testListId="8c84fa94-04c1-424b-9868-57a2d4851a1d" relativeResultsDirectory="3785cbe6-a4e3-413d-bfc6-831a7215c6f3" />
    <UnitTestResult executionId="0ae93aed-e368-41e5-b372-bdbbbd2cd297" testId="4682329a-d840-86c5-7950-0d2fc31dfd0c" testName="Kor.Operations.App.Tests.BdReports.PrimeConsultantReportGeneratorTests.Parser_MalformedOrEmpty_ReturnsEmptyNoThrow(json: &quot;[1,2]&quot;)" computerName="KOR-1001" duration="00:00:00.0001520" startTime="2026-08-27T16:23:33.7172211-07:00" endTime="2026-08-27T16:23:33.7172211-07:00" testType="13cdc9d9-ddb5-4fa4-a97d-d965ccfc6d4b" outcome="Passed" testListId="8c84fa94-04c1-424b-9868-57a2d4851a1d" relativeResultsDirectory="0ae93aed-e368-41e5-b372-bdbbbd2cd297" />
    <UnitTestResult executionId="f679a898-98ef-4042-9735-cc85fc1f483f" testId="1bf0d6c9-ebe7-8280-7c04-680467d7ac3f" testName="Kor.Operations.Tests.Financials.MetricDefinitions.MetricDefinitionsBlockHelperTests.BuildAiMethodologyBlock_ReturnsNull_WhenNoKeysMatch" computerName="KOR-1001" duration="00:00:00.0000404" startTime="2026-08-27T16:22:37.2450724-07:00" endTime="2026-08-27T16:22:37.2450724-07:00" testType="13cdc9d9-ddb5-4fa4-a97d-d965ccfc6d4b" outcome="Passed" testListId="8c84fa94-04c1-424b-9868-57a2d4851a1d" relativeResultsDirectory="f679a898-98ef-4042-9735-cc85fc1f483f" />
    <UnitTestResult executionId="72e185a5-767c-4e23-b8c6-41889a375ef0" testId="c71c4c6c-5017-15b5-f37a-9e472936cc47" testName="Kor.Operations.App.Tests.BdReports.BdVerdictsTests.IsUrgent_ParityWithPowerShellBuilders(verdict: &quot;DEAD&quot;, korAngle: &quot;URGENT&quot;, expected: False)" computerName="KOR-1001" duration="00:00:00.0019241" startTime="2026-08-27T16:23:31.1662767-07:00" endTime="2026-08-27T16:23:31.1662772-07:00" testType="13cdc9d9-ddb5-4fa4-a97d-d965ccfc6d4b" outcome="Passed" testListId="8c84fa94-04c1-424b-9868-57a2d4851a1d" relativeResultsDirectory="72e185a5-767c-4e23-b8c6-41889a375ef0" />
    <UnitTestResult executionId="6462cfe1-36ab-4da7-a7a2-d744a928defd" testId="f7da50eb-6fab-3ac6-a7e3-75a3ad5b4b9e" testName="Kor.Operations.Tests.FinancialCalculationTests.Estimate_WidensFeeRangeWhenNarrowFails" computerName="KOR-1001" duration="00:00:00.0001315" startTime="2026-08-27T16:22:37.6489768-07:00" endTime="2026-08-27T16:22:37.6489769-07:00" testType="13cdc9d9-ddb5-4fa4-a97d-d965ccfc6d4b" outcome="Passed" testListId="8c84fa94-04c1-424b-9868-57a2d4851a1d" relativeResultsDirectory="6462cfe1-36ab-4da7-a7a2-d744a928defd" />
    <UnitTestResult executionId="df54503e-fc12-4aee-9a55-3546a1be680c" testId="de1deb83-7c9b-31e4-7329-86c44fd3394b" testName="Kor.Operations.Tests.FinancialCalculationTests.SafeDiv_Double_BothZero" computerName="KOR-1001" duration="00:00:00.0000299" startTime="2026-08-27T16:22:37.6470518-07:00" endTime="2026-08-27T16:22:37.6470519-07:00" testType="13cdc9d9-ddb5-4fa4-a97d-d965ccfc6d4b" outcome="Passed" testListId="8c84fa94-04c1-424b-9868-57a2d4851a1d" relativeResultsDirectory="df54503e-fc12-4aee-9a55-3546a1be680c" />
    <UnitTestResult executionId="e6e86fb4-7baf-4e50-80e0-b2c9733228f5" testId="af917c88-8ea0-b315-2313-648449781451" testName="Kor.Operations.Tests.BcBidScraperTests.ResolveKeywordFilter_WithBlankKeyword_ReturnsNull" computerName="KOR-1001" duration="00:00:00.0003601" startTime="2026-08-27T16:22:36.7123734-07:00" endTime="2026-08-27T16:22:36.7123737-07:00" testType="13cdc9d9-ddb5-4fa4-a97d-d965ccfc6d4b" outcome="Passed" testListId="8c84fa94-04c1-424b-9868-57a2d4851a1d" relativeResultsDirectory="e6e86fb4-7baf-4e50-80e0-b2c9733228f5" />
    <UnitTestResult executionId="16c6cef0-8e3c-4a75-8272-eb2ae6f49ce8" testId="16c4d8e6-e770-b4b1-6dbb-4f25b766ed8a" testName="Kor.Operations.Tests.BcBidUnverifiedBidResultsScraperTests.MapBidCells_WithNotPubliclyDisclosedBidder_ReturnsNullName" computerName="KOR-1001" duration="00:00:00.0002168" startTime="2026-08-27T16:22:34.0663381-07:00" endTime="2026-08-27T16:22:34.0663383-07:00" testType="13cdc9d9-ddb5-4fa4-a97d-d965ccfc6d4b" outcome="Passed" testListId="8c84fa94-04c1-424b-9868-57a2d4851a1d" relativeResultsDirectory="16c6cef0-8e3c-4a75-8272-eb2ae6f49ce8" />
    <UnitTestResult executionId="7634c979-4703-4376-805b-7f140b9536f6" testId="26c93b8c-1627-1822-cd7f-01f0731359ee" testName="Kor.Operations.Tests.Services.AppAiContextBuilderTests.Unregister_RemovesProviderFromOutput" computerName="KOR-1001" duration="00:00:00.0001099" startTime="2026-08-27T16:22:37.2533851-07:00" endTime="2026-08-27T16:22:37.2533852-07:00" testType="13cdc9d9-ddb5-4fa4-a97d-d965ccfc6d4b" outcome="Passed" testListId="8c84fa94-04c1-424b-9868-57a2d4851a1d" relativeResultsDirectory="7634c979-4703-4376-805b-7f140b9536f6" />
    <UnitTestResult executionId="3b714271-5879-4a2c-86cc-83255f82dddf" testId="a98950cf-db0f-d831-69e7-fdbbccf4a519" testName="Kor.Operations.Tests.RssOpportunityProviderTests.ExtractBuyerFromTitle_WithNoSeparator_ReturnsUnknown" computerName="KOR-1001" duration="00:00:00.0000979" startTime="2026-08-27T16:23:30.6745954-07:00" endTime="2026-08-27T16:23:30.6745957-07:00" testType="13cdc9d9-ddb5-4fa4-a97d-d965ccfc6d4b" outcome="Passed" testListId="8c84fa94-04c1-424b-9868-57a2d4851a1d" relativeResultsDirectory="3b714271-5879-4a2c-86cc-83255f82dddf" />
    <UnitTestResult executionId="5a0b80e2-70d1-40b1-8671-25ed4b91e059" testId="8de06f95-f543-5ec0-34be-0dca2a5983a9" testName="Kor.Operations.Tests.FinancialCalculationTests.Median_UnsortedInput_StillCorrect" computerName="KOR-1001" duration="00:00:00.0000367" startTime="2026-08-27T16:22:37.6496546-07:00" endTime="2026-08-27T16:22:37.6496547-07:00" testType="13cdc9d9-ddb5-4fa4-a97d-d965ccfc6d4b" outcome="Passed" testListId="8c84fa94-04c1-424b-9868-57a2d4851a1d" relativeResultsDirectory="5a0b80e2-70d1-40b1-8671-25ed4b91e059" />
    <UnitTestResult executionId="9906cfdb-0f8a-4440-b139-7bfbafe187ec" testId="26596347-06a5-3a3a-cced-c95d86d26ba2" testName="Kor.Operations.App.Tests.BdReports.HoningResultParserTests.MalformedOrNonObjectJson_ReturnsEmpty_NoThrow(json: &quot;[ { \&quot;verdict\&quot;: \&quot;PURSUE\&quot; } ]&quot;)" computerName="KOR-1001" duration="00:00:00.0031888" startTime="2026-08-27T16:23:31.7050649-07:00" endTime="2026-08-27T16:23:31.7050652-07:00" testType="13cdc9d9-ddb5-4fa4-a97d-d965ccfc6d4b" outcome="Passed" testListId="8c84fa94-04c1-424b-9868-57a2d4851a1d" relativeResultsDirectory="9906cfdb-0f8a-4440-b139-7bfbafe187ec" />
    <UnitTestResult executionId="e9f4078b-c6da-4e5b-8e10-e9cdacc8e808" testId="4839ba8d-3830-823b-9269-ceecf3cb6769" testName="Kor.Operations.Tests.Financials.Executive.ThresholdParityTests.BillingsDrilldown_IncludesNegativeFeeBilled" computerName="KOR-1001" duration="00:00:00.0003227" startTime="2026-08-27T16:23:31.1638118-07:00" endTime="2026-08-27T16:23:31.1638122-07:00" testType="13cdc9d9-ddb5-4fa4-a97d-d965ccfc6d4b" outcome="Passed" testListId="8c84fa94-04c1-424b-9868-57a2d4851a1d" relativeResultsDirectory="e9f4078b-c6da-4e5b-8e10-e9cdacc8e808" />
    <UnitTestResult executionId="9fe09cdc-d2e3-47bc-948b-970c22e4613c" testId="551b9801-8ae0-e66c-f00b-7680604d976b" testName="Kor.Operations.Tests.Financials.MetricDefinitions.PmToolsMethodologyKeysTests.EveryPmToolsAiKey_ResolvesToMethodologyText(key: &quot;PmTools_ActiveProjects&quot;)" computerName="KOR-1001" duration="00:00:00.0002413" startTime="2026-08-27T16:23:33.7363700-07:00" endTime="2026-08-27T16:23:33.7363702-07:00" testType="13cdc9d9-ddb5-4fa4-a97d-d965ccfc6d4b" outcome="Passed" testListId="8c84fa94-04c1-424b-9868-57a2d4851a1d" relativeResultsDirectory="9fe09cdc-d2e3-47bc-948b-970c22e4613c" />
    <UnitTestResult executionId="d5237bdb-d8f8-4a7a-9375-f7fd19f6332b" testId="cc93d22b-bf53-fc62-08f4-b90d3dd668e2" testName="Kor.Operations.Tests.BcBidUnverifiedBidResultsScraperTests.MapBidCells_WithObservedBcTimberSalesLayouts_MapsBidderContent(cells: [&quot;1116&quot;, &quot;BC Timber Sales road maintenance&quot;, &quot;BC Timber Sales Branch&quot;, &quot;2026-05-01 14:00:00 (PDT)&quot;, &quot;2026-05-02 09:00:00 (PDT)&quot;, ···], externalReference: &quot;1116&quot;, expectedBidderName: &quot;INTEGRATED PROACTION CORP.&quot;, expectedAddress: &quot;Kamloops, British Columbia&quot;, expectedAmount: 379361.50, expectedRank: 1)" computerName="KOR-1001" duration="00:00:00.0009212" startTime="2026-08-27T16:22:34.0119693-07:00" endTime="2026-08-27T16:22:34.0119694-07:00" testType="13cdc9d9-ddb5-4fa4-a97d-d965ccfc6d4b" outcome="Passed" testListId="8c84fa94-04c1-424b-9868-57a2d4851a1d" relativeResultsDirectory="d5237bdb-d8f8-4a7a-9375-f7fd19f6332b" />
    <UnitTestResult executionId="4aef09b7-ce6d-47fb-a7cf-02701e391834" testId="51012ee1-28cf-719f-37c3-b5d4f97e794b" testName="Kor.Operations.Tests.CsvFilterHelperTests.PassesSubstringFilter_WhenValueContainsKeepToken_ReturnsTrue" computerName="KOR-1001" duration="00:00:00.0005984" startTime="2026-08-27T16:23:30.8614222-07:00" endTime="2026-08-27T16:23:30.8614224-07:00" testType="13cdc9d9-ddb5-4fa4-a97d-d965ccfc6d4b" outcome="Passed" testListId="8c84fa94-04c1-424b-9868-57a2d4851a1d" relativeResultsDirectory="4aef09b7-ce6d-47fb-a7cf-02701e391834" />
    <UnitTestResult executionId="2b0ec12a-93e7-4887-a717-36d5d78bec06" testId="3cdd1e5e-85b8-89cb-2e67-8b5d11074ab1" testName="Kor.Operations.Tests.CsvFilterHelperTests.PassesWordBoundaryFilter_WithLiteralCanadaBuysKeepTokensAgainstAlberta_ReturnsTrue" computerName="KOR-1001" duration="00:00:00.0000913" startTime="2026-08-27T16:23:30.8625372-07:00" endTime="2026-08-27T16:23:30.8625374-07:00" testType="13cdc9d9-ddb5-4fa4-a97d-d965ccfc6d4b" outcome="Passed" testListId="8c84fa94-04c1-424b-9868-57a2d4851a1d" relativeResultsDirectory="2b0ec12a-93e7-4887-a717-36d5d78bec06" />
    <UnitTestResult executionId="65ebf725-4a7b-4c26-85db-7b632a0c1885" testId="483bf254-e8da-7662-23ee-e1f0b239d710" testName="Kor.Operations.Tests.Financials.MetricDefinitions.ToolDefinitionDriftTests.Phrase_AppearsInBothDefinitionAndTool(definitionKey: &quot;Billed_Expenses&quot;, toolFile: &quot;BilledPnLTool.cs&quot;, phrase: &quot;7970&quot;)" computerName="KOR-1001" duration="00:00:00.0001382" startTime="2026-08-27T16:22:37.2771185-07:00" endTime="2026-08-27T16:22:37.2771186-07:00" testType="13cdc9d9-ddb5-4fa4-a97d-d965ccfc6d4b" outcome="Passed" testListId="8c84fa94-04c1-424b-9868-57a2d4851a1d" relativeResultsDirectory="65ebf725-4a7b-4c26-85db-7b632a0c1885" />
    <UnitTestResult executionId="6569d071-cf68-4401-982e-e8aaadaf07fa" testId="e303cfa2-f262-02d4-3edd-933771d8ef3f" testName="Kor.Operations.Tests.Financials.MetricDefinitions.MetricDefinitionsAiContextTests.TryResolveKeyFromDisplayName_ReturnsNull_ForUnknownDisplayName" computerName="KOR-1001" duration="00:00:00.0000338" startTime="2026-08-27T16:23:31.1510329-07:00" endTime="2026-08-27T16:23:31.1510329-07:00" testType="13cdc9d9-ddb5-4fa4-a97d-d965ccfc6d4b" outcome="Passed" testListId="8c84fa94-04c1-424b-9868-57a2d4851a1d" relativeResultsDirectory="6569d071-cf68-4401-982e-e8aaadaf07fa" />
    <UnitTestResult executionId="6e294d8a-0ca7-4833-beea-e2e1f7c78523" testId="a8ac6f56-4644-b45d-0c2c-03f7d57c3a57" testName="Kor.Operations.App.Tests.BdReports.SectorReportGeneratorTests.Build_PursueSectionWhenPresent_AndTablePopulated" computerName="KOR-1001" duration="00:00:00.0001878" startTime="2026-08-27T16:22:34.2165414-07:00" endTime="2026-08-27T16:22:34.2165415-07:00" testType="13cdc9d9-ddb5-4fa4-a97d-d965ccfc6d4b" outcome="Passed" testListId="8c84fa94-04c1-424b-9868-57a2d4851a1d" relativeResultsDirectory="6e294d8a-0ca7-4833-beea-e2e1f7c78523" />
    <UnitTestResult executionId="6d7e2027-b101-4713-8c27-310e8ed33e0b" testId="e50fcd9d-5679-6d04-a95a-4e87f5085fb7" testName="Kor.Operations.Tests.RssOpportunityProviderTests.ParseRssItems_WithTwoItems_ReturnsCandidates" computerName="KOR-1001" duration="00:00:00.0029440" startTime="2026-08-27T16:23:30.6743692-07:00" endTime="2026-08-27T16:23:30.6743696-07:00" testType="13cdc9d9-ddb5-4fa4-a97d-d965ccfc6d4b" outcome="Passed" testListId="8c84fa94-04c1-424b-9868-57a2d4851a1d" relativeResultsDirectory="6d7e2027-b101-4713-8c27-310e8ed33e0b" />
    <UnitTestResult executionId="095ee1b4-28d6-4f34-a726-c79db2415768" testId="bf07eb37-d15a-3a95-088f-c8ad5324bda0" testName="Kor.Operations.Tests.Financials.MetricDefinitions.ToolDefinitionDriftTests.Phrase_AppearsInBothDefinitionAndTool(definitionKey: &quot;Exec_Revenue3090&quot;, toolFile: &quot;EarnedVsInvoicedTool.cs&quot;, phrase: &quot;BilledFee&quot;)" computerName="KOR-1001" duration="00:00:00.0002763" startTime="2026-08-27T16:22:37.2766581-07:00" endTime="2026-08-27T16:22:37.2766581-07:00" testType="13cdc9d9-ddb5-4fa4-a97d-d965ccfc6d4b" outcome="Passed" testListId="8c84fa94-04c1-424b-9868-57a2d4851a1d" relativeResultsDirectory="095ee1b4-28d6-4f34-a726-c79db2415768" />
    <UnitTestResult executionId="452a6396-fdb0-41ce-ad17-0f211c55dbde" testId="b50a5a03-e496-b278-071b-22f6492f5a83" testName="Kor.Operations.Tests.Financials.MetricDefinitions.ToolDefinitionDriftTests.Phrase_AppearsInBothDefinitionAndTool(definitionKey: &quot;Exec_NetMultiplier&quot;, toolFile: &quot;FirmHealthTool.cs&quot;, phrase: &quot;4003&quot;)" computerName="KOR-1001" duration="00:00:00.0006763" startTime="2026-08-27T16:22:37.2642344-07:00" endTime="2026-08-27T16:22:37.2642345-07:00" testType="13cdc9d9-ddb5-4fa4-a97d-d965ccfc6d4b" outcome="Passed" testListId="8c84fa94-04c1-424b-9868-57a2d4851a1d" relativeResultsDirectory="452a6396-fdb0-41ce-ad17-0f211c55dbde" />
    <UnitTestResult executionId="bdeb3a42-adf1-4d6e-aa97-ed96602c0e82" testId="f264bc08-9956-edb4-604f-8e48ddaa5d8a" testName="Kor.Operations.App.Tests.BdReports.BdVerdictsTests.IsUrgent_ParityWithPowerShellBuilders(verdict: &quot;PURSUE_URGENT&quot;, korAngle: &quot;no urgency in text&quot;, expected: True)" computerName="KOR-1001" duration="00:00:00.0000011" startTime="2026-08-27T16:23:31.1666520-07:00" endTime="2026-08-27T16:23:31.1666521-07:00" testType="13cdc9d9-ddb5-4fa4-a97d-d965ccfc6d4b" outcome="Passed" testListId="8c84fa94-04c1-424b-9868-57a2d4851a1d" relativeResultsDirectory="bdeb3a42-adf1-4d6e-aa97-ed96602c0e82" />
[...]
    <TestEntry testId="951919d2-90f2-41a0-86db-73cf22ed8ac8" executionId="3c5d5e07-3355-4fc7-b5be-ecadc087dc82" testListId="8c84fa94-04c1-424b-9868-57a2d4851a1d" />
    <TestEntry testId="3b0a6176-658b-ebc3-4e98-48d405c6bff4" executionId="88716555-f8d6-4322-bbb7-90e9d9a409ab" testListId="8c84fa94-04c1-424b-9868-57a2d4851a1d" />
    <TestEntry testId="c2d41f7c-8309-81c0-6dee-c5bb88512a0b" executionId="848805d0-1379-4ee0-b587-732b54388aa6" testListId="8c84fa94-04c1-424b-9868-57a2d4851a1d" />
    <TestEntry testId="90a84676-0610-98c1-672a-6ab42b7f874b" executionId="de67cd87-62ef-4e27-b334-8d0b7dc4ddc5" testListId="8c84fa94-04c1-424b-9868-57a2d4851a1d" />
    <TestEntry testId="dd51a359-04d3-9280-a59a-e0fdcbd6c0fc" executionId="03e56f98-50f2-4447-b5f9-232d19304669" testListId="8c84fa94-04c1-424b-9868-57a2d4851a1d" />
    <TestEntry testId="830e1b12-2bde-d3bb-03ba-f43ba566c297" executionId="21bcf99d-be6e-405c-840d-72c28e49b22e" testListId="8c84fa94-04c1-424b-9868-57a2d4851a1d" />
    <TestEntry testId="e5523ec6-04fd-7718-cc5d-d19b7d894e89" executionId="8d9485b6-4103-4d7e-b374-db3b5935641e" testListId="8c84fa94-04c1-424b-9868-57a2d4851a1d" />
    <TestEntry testId="201f9c94-aa5b-b623-27b2-8558b178a80a" executionId="454a178b-64d6-4f94-b704-32b48d8b84bf" testListId="8c84fa94-04c1-424b-9868-57a2d4851a1d" />
    <TestEntry testId="45ca6526-5d0a-e607-721c-9967eea9ed0d" executionId="13174167-1751-4e3f-97af-666adbe35e48" testListId="8c84fa94-04c1-424b-9868-57a2d4851a1d" />
    <TestEntry testId="d62b1ac5-500c-6965-f3e8-d5e3ac259741" executionId="0f2d3174-0b5d-4677-b954-4d790397b3b6" testListId="8c84fa94-04c1-424b-9868-57a2d4851a1d" />
    <TestEntry testId="407c52c6-f018-550b-6cd4-36c182dd5561" executionId="9230a21b-42a8-4d33-95f6-11249f2a40f4" testListId="8c84fa94-04c1-424b-9868-57a2d4851a1d" />
    <TestEntry testId="24d689d1-d4a5-30be-7ab2-11d5d020f4a0" executionId="01529eed-897e-479b-bcd0-d0c90fcda407" testListId="8c84fa94-04c1-424b-9868-57a2d4851a1d" />
    <TestEntry testId="dc3cbccd-4a45-2a27-420b-e57fab5f4c18" executionId="9eff4d53-527e-462b-b82f-5e529694cde8" testListId="8c84fa94-04c1-424b-9868-57a2d4851a1d" />
    <TestEntry testId="eda48f0c-b632-154e-d813-8b8e391247c6" executionId="e52754b7-cda8-4484-b9fd-adf3d4b902a1" testListId="8c84fa94-04c1-424b-9868-57a2d4851a1d" />
    <TestEntry testId="6878c308-f150-5125-0852-6eb78a449141" executionId="bfe5cd9c-6990-478d-9e1c-479d40227635" testListId="8c84fa94-04c1-424b-9868-57a2d4851a1d" />
    <TestEntry testId="3dd237a1-3a87-d4c3-99d6-2eade14f0e63" executionId="a18451d3-d06a-4892-ba3e-47900b6d7bd3" testListId="8c84fa94-04c1-424b-9868-57a2d4851a1d" />
    <TestEntry testId="f5328537-8905-47c0-071d-6bf18a4e4249" executionId="77aacce4-c365-4113-9c88-9c752f2fc268" testListId="8c84fa94-04c1-424b-9868-57a2d4851a1d" />
    <TestEntry testId="1eb846d1-479f-8d2c-ff17-5b5104361186" executionId="3c98a4e6-ee06-42c3-8361-d5d7df92a940" testListId="8c84fa94-04c1-424b-9868-57a2d4851a1d" />
    <TestEntry testId="f5f6a8aa-5f75-6090-62cf-67abf4c54050" executionId="d4a8a013-e1c3-4674-86b6-1cd3904a1c8e" testListId="8c84fa94-04c1-424b-9868-57a2d4851a1d" />
    <TestEntry testId="740e23f0-62f8-4f66-a130-838721aec1e5" executionId="62f90597-6275-4732-af57-3be3a0cb0b24" testListId="8c84fa94-04c1-424b-9868-57a2d4851a1d" />
    <TestEntry testId="b7e92749-f64c-896f-e596-94cd83eeab80" executionId="a78379f1-c2a0-4f7c-b83f-20c22a5c6da0" testListId="8c84fa94-04c1-424b-9868-57a2d4851a1d" />
    <TestEntry testId="bf3e16b8-c000-a869-26a1-56cfe72d6950" executionId="2fe8d968-aec9-4df1-8b90-de79a046f133" testListId="8c84fa94-04c1-424b-9868-57a2d4851a1d" />
    <TestEntry testId="1dc5f561-a7ad-53b4-d9ca-5fc9b13f0e65" executionId="76501a4f-5e24-4fdb-83f1-0b5daedc3804" testListId="8c84fa94-04c1-424b-9868-57a2d4851a1d" />
    <TestEntry testId="6629d555-ec84-7d28-a5c2-d5d94486af40" executionId="aa1fb1f2-2582-4088-a88f-862b66e5704e" testListId="8c84fa94-04c1-424b-9868-57a2d4851a1d" />
    <TestEntry testId="0493fa20-9ec8-5986-97ab-80f4c1d42e18" executionId="3566602d-cddd-4809-994b-17c1f7cc5415" testListId="8c84fa94-04c1-424b-9868-57a2d4851a1d" />
    <TestEntry testId="1d6d45b0-3c27-95b1-0658-6b6bba001871" executionId="861cfa17-3ed8-464f-93da-f8d607962647" testListId="8c84fa94-04c1-424b-9868-57a2d4851a1d" />
    <TestEntry testId="0e4c21d0-9a4d-d9dd-4319-251de370d949" executionId="e1397ebe-85f2-4e5a-93ba-24237651c358" testListId="8c84fa94-04c1-424b-9868-57a2d4851a1d" />
    <TestEntry testId="7d5818c5-cc44-3707-39d2-f36dbe2e96fa" executionId="d9e10fb0-718f-4415-aa3a-fab17a642caa" testListId="8c84fa94-04c1-424b-9868-57a2d4851a1d" />
    <TestEntry testId="dfd37b1f-55c4-7eea-c80c-8c239640ad90" executionId="abc35402-b0fc-4ecf-b2dc-e169b7d85838" testListId="8c84fa94-04c1-424b-9868-57a2d4851a1d" />
    <TestEntry testId="1341dff7-02db-f658-61b1-001b36e9d427" executionId="58c86d0d-4aa7-447d-ac04-d1f89b583d0a" testListId="8c84fa94-04c1-424b-9868-57a2d4851a1d" />
    <TestEntry testId="9b5653ee-826d-531c-9a30-9f2022dc9c00" executionId="ffdcebfa-b494-4bf8-a269-39f78e46426a" testListId="8c84fa94-04c1-424b-9868-57a2d4851a1d" />
    <TestEntry testId="8eb88f0e-3bdf-8cdc-0916-c65522143009" executionId="c47495a5-c875-424a-8be7-d7aed7657c5b" testListId="8c84fa94-04c1-424b-9868-57a2d4851a1d" />
    <TestEntry testId="8cc73351-9811-8e7e-6d65-1eb4f987871e" executionId="d51f0146-9702-47d6-8530-89baf9e7abe6" testListId="8c84fa94-04c1-424b-9868-57a2d4851a1d" />
    <TestEntry testId="1a43dd89-2bff-2a5c-d08a-b92f630f1927" executionId="67d76877-e7eb-4ede-8276-0db39513f6ef" testListId="8c84fa94-04c1-424b-9868-57a2d4851a1d" />
    <TestEntry testId="e0d931e2-8347-8d42-40b6-1e69ab1e86ff" executionId="a0fea61a-ab4e-4fb6-931e-f3a101306351" testListId="8c84fa94-04c1-424b-9868-57a2d4851a1d" />
    <TestEntry testId="e7239bd4-bbae-78f6-2c17-18fe85dee4ea" executionId="4e880390-ab5a-4c91-9fc3-e020436ab269" testListId="8c84fa94-04c1-424b-9868-57a2d4851a1d" />
    <TestEntry testId="794e9ca4-c74c-ab72-5c79-67bb0aa963e1" executionId="9310a94d-f4bd-4234-af09-71e5f16a546b" testListId="8c84fa94-04c1-424b-9868-57a2d4851a1d" />
    <TestEntry testId="0f6191bc-24ef-f697-f576-b743e643911c" executionId="b5c722f6-fe47-4237-8717-e6ebf3623d42" testListId="8c84fa94-04c1-424b-9868-57a2d4851a1d" />
    <TestEntry testId="7fd84230-2510-999f-674c-10d29177834b" executionId="eb0bff28-3cec-4506-beea-4a6976b1839c" testListId="8c84fa94-04c1-424b-9868-57a2d4851a1d" />
    <TestEntry testId="0fa2fc09-f5cc-a647-9444-1c341f59416c" executionId="fb7d5ee2-fb75-4a41-a770-5b091cf3805d" testListId="8c84fa94-04c1-424b-9868-57a2d4851a1d" />
    <TestEntry testId="4fd35064-0be2-87af-dd49-7b7bb27f1fa6" executionId="861a634b-234e-4261-bf6e-3226202a9999" testListId="8c84fa94-04c1-424b-9868-57a2d4851a1d" />
    <TestEntry testId="cb9656f1-72ed-d1ce-6ad6-d99f18e01c1a" executionId="e5f964e5-0b37-4de1-bb22-031f5923b640" testListId="8c84fa94-04c1-424b-9868-57a2d4851a1d" />
    <TestEntry testId="572326b2-a818-22d9-d699-8f5ac9a63a58" executionId="8cecaa09-fbee-406d-bb9d-b5168e4c6776" testListId="8c84fa94-04c1-424b-9868-57a2d4851a1d" />
    <TestEntry testId="fb772f00-0854-1ed5-928d-904b57c5d8c1" executionId="6f93a582-a0d8-49bb-a8c3-34c43808af71" testListId="8c84fa94-04c1-424b-9868-57a2d4851a1d" />
    <TestEntry testId="4dd5373b-a851-c0a9-407e-0d3abfc366d3" executionId="6ca89c5c-9da5-4567-bc26-e7d25de9fa07" testListId="8c84fa94-04c1-424b-9868-57a2d4851a1d" />
    <TestEntry testId="0a85c84d-1f20-65f5-7025-d333a5d427e3" executionId="f9b1bbdf-641d-4929-903e-3cc73172d9fc" testListId="8c84fa94-04c1-424b-9868-57a2d4851a1d" />
    <TestEntry testId="e1938cc3-c9da-d554-5430-dab2233feeff" executionId="51f969e7-1d8c-4f0d-9c38-2b8364ed368f" testListId="8c84fa94-04c1-424b-9868-57a2d4851a1d" />
    <TestEntry testId="b5d4ce49-93f4-378a-f862-07c04df603e9" executionId="c8149a8d-0a95-4ced-99d7-7adcb9ef39a3" testListId="8c84fa94-04c1-424b-9868-57a2d4851a1d" />
    <TestEntry testId="bd616a11-e963-9fb0-ebc4-37e38e7eb2d4" executionId="999b41e9-cf4e-4814-9e76-eae5d8bdef93" testListId="8c84fa94-04c1-424b-9868-57a2d4851a1d" />
    <TestEntry testId="3c08612d-5489-9f4e-e955-4899e8ef58f5" executionId="24e2877c-bd0d-4995-8507-9ffd81335780" testListId="8c84fa94-04c1-424b-9868-57a2d4851a1d" />
    <TestEntry testId="68f4438c-d334-f167-1059-a24ad96626d6" executionId="5fedb0b4-8e2b-49f1-abdd-7b002fe1d092" testListId="8c84fa94-04c1-424b-9868-57a2d4851a1d" />
    <TestEntry testId="2774e617-75e4-6b8b-c540-8e7e6b582656" executionId="db5fb305-92f3-41eb-b0c8-4d1e8d8c2e48" testListId="8c84fa94-04c1-424b-9868-57a2d4851a1d" />
    <TestEntry testId="35211541-958a-72bf-57cf-9ebe2ad6038b" executionId="8acab635-eefe-4302-aa8f-b8833cfffa1c" testListId="8c84fa94-04c1-424b-9868-57a2d4851a1d" />
    <TestEntry testId="1cf85327-2ff7-60eb-c1d1-4bb28186a1a3" executionId="35b2f40d-8468-4c9b-b5c5-55ec81acb2ff" testListId="8c84fa94-04c1-424b-9868-57a2d4851a1d" />
    <TestEntry testId="0408bf35-d946-545b-a056-6742161fd834" executionId="b32c6725-4d0b-46d1-9247-d24d0fda91fe" testListId="8c84fa94-04c1-424b-9868-57a2d4851a1d" />
    <TestEntry testId="9e41c6a8-4ca1-dba7-2a71-0d445fd80e81" executionId="5bbb1592-6083-4d60-827c-70ce90aca3ea" testListId="8c84fa94-04c1-424b-9868-57a2d4851a1d" />
    <TestEntry testId="67b96cb6-1607-670e-5c5d-650eef41cd74" executionId="94459d36-4320-4f67-8ab0-fe54ec5400c0" testListId="8c84fa94-04c1-424b-9868-57a2d4851a1d" />
    <TestEntry testId="b665f90e-52f9-fb53-90e2-385c5c6c1b0e" executionId="2fd90f95-7f83-4230-beb5-e546ce96fc52" testListId="8c84fa94-04c1-424b-9868-57a2d4851a1d" />
    <TestEntry testId="a9e3aaba-33cb-da31-2813-f7187758c179" executionId="9ead4cc6-8165-4146-b2d1-92777b4a9276" testListId="8c84fa94-04c1-424b-9868-57a2d4851a1d" />
    <TestEntry testId="048e2683-558e-bccc-3fb1-e8c611bf74c2" executionId="8b65c561-53e2-4df5-92d7-d5c637181dc8" testListId="8c84fa94-04c1-424b-9868-57a2d4851a1d" />
    <TestEntry testId="42d19273-3e54-3050-6cd0-c6f1eab71e5f" executionId="6d5fe749-fe91-4fe9-a6d7-fb34e7348c12" testListId="8c84fa94-04c1-424b-9868-57a2d4851a1d" />
    <TestEntry testId="b9986fd5-672f-c834-863e-257bce55cc2d" executionId="7d992af7-998f-4a21-98dc-d48c4599bb82" testListId="8c84fa94-04c1-424b-9868-57a2d4851a1d" />
    <TestEntry testId="2849e482-2d24-119f-f6ad-68603a17eb5f" executionId="9f4ef29b-8943-4f47-b0c5-8aeabc1d5c7b" testListId="8c84fa94-04c1-424b-9868-57a2d4851a1d" />
    <TestEntry testId="de3557e4-7910-d080-9c45-4e7802735836" executionId="e597d769-f275-4579-8648-3a46190b9ce5" testListId="8c84fa94-04c1-424b-9868-57a2d4851a1d" />
    <TestEntry testId="61e8447f-3c44-a8f2-45ad-249ec03b192b" executionId="9f105bf4-b7c0-465b-a0ae-96b6982cf3ad" testListId="8c84fa94-04c1-424b-9868-57a2d4851a1d" />
    <TestEntry testId="25ac25e2-98df-301c-0a3d-6b42c4c775b1" executionId="c1bca594-7d00-4419-87dc-1a457e4906ef" testListId="8c84fa94-04c1-424b-9868-57a2d4851a1d" />
    <TestEntry testId="3cf2a932-898c-0212-2a5e-fbd98e40574d" executionId="480670c9-1c9f-4a8b-a879-3d70db5de529" testListId="8c84fa94-04c1-424b-9868-57a2d4851a1d" />
    <TestEntry testId="57ef949e-b52b-ccdc-cb40-c71ef39dbab9" executionId="aa3a0aab-2785-4569-a624-33db77a505b7" testListId="8c84fa94-04c1-424b-9868-57a2d4851a1d" />
    <TestEntry testId="84c3fd8b-6830-be4a-57ab-ff56b38f7624" executionId="5116eeeb-9408-4abb-9c04-277cf70f0533" testListId="8c84fa94-04c1-424b-9868-57a2d4851a1d" />
    <TestEntry testId="33033285-f07d-1a56-1313-8ce869aea087" executionId="87e26753-375b-4932-aceb-e6aabe1fe3bd" testListId="8c84fa94-04c1-424b-9868-57a2d4851a1d" />
    <TestEntry testId="1cafb5db-440e-9150-9cce-5277277c6041" executionId="97988ae5-1f1c-4f50-b7d7-c6a6760e95ff" testListId="8c84fa94-04c1-424b-9868-57a2d4851a1d" />
    <TestEntry testId="8b9fb5a4-777a-cc0d-844f-606f208667aa" executionId="e97c5755-b2f4-4487-be80-1e14f99c9735" testListId="8c84fa94-04c1-424b-9868-57a2d4851a1d" />
    <TestEntry testId="40158721-d070-5774-fb87-f5cbd09a5cd3" executionId="2b3f6e88-8067-4ace-9f0a-0cf6a2906031" testListId="8c84fa94-04c1-424b-9868-57a2d4851a1d" />
    <TestEntry testId="f3c335d3-a9e3-b1aa-b548-1a40843ee007" executionId="09170d5c-f6ce-4bc0-84d5-eb97d64ac9f5" testListId="8c84fa94-04c1-424b-9868-57a2d4851a1d" />
    <TestEntry testId="80b15b04-8637-64ca-d60c-5876f9464419" executionId="e21583fd-d676-4dd8-a87e-947fded7f29c" testListId="8c84fa94-04c1-424b-9868-57a2d4851a1d" />
    <TestEntry testId="bf5ededc-ef95-ea25-8045-34adb9fde8a3" executionId="567c7aeb-2bea-4c0c-85da-2a212690f2a5" testListId="8c84fa94-04c1-424b-9868-57a2d4851a1d" />
    <TestEntry testId="78c7bcfa-7190-63ec-8c60-ce7461ff3e21" executionId="77779b47-6ba5-47f1-a1e9-41dbf9e04f3e" testListId="8c84fa94-04c1-424b-9868-57a2d4851a1d" />
    <TestEntry testId="fef7d680-6133-b0e0-25b7-3ab44cf93eb1" executionId="b62040a9-a639-4f48-8fef-d6ccf8c50bc6" testListId="8c84fa94-04c1-424b-9868-57a2d4851a1d" />
    <TestEntry testId="8edad0d0-1726-02bb-d5a0-539d726dfb26" executionId="63bf1be9-2eba-4a1c-a6b5-cee389132506" testListId="8c84fa94-04c1-424b-9868-57a2d4851a1d" />
    <TestEntry testId="855d3ccf-1d38-cd75-b5f5-5a25727b319c" executionId="c6b404e4-6766-49a9-b9ff-5602ff88a372" testListId="8c84fa94-04c1-424b-9868-57a2d4851a1d" />
    <TestEntry testId="da1781c2-d53f-ddb5-ca9d-1e34325b4141" executionId="6de0a0e6-82b0-4636-a9a2-2a96a753809d" testListId="8c84fa94-04c1-424b-9868-57a2d4851a1d" />
    <TestEntry testId="7aed2d04-5582-5515-48f3-9f30e397bb32" executionId="da77c3c2-b0f2-4b70-aea4-efd69d32c81a" testListId="8c84fa94-04c1-424b-9868-57a2d4851a1d" />
    <TestEntry testId="5f1fdf61-7ac0-78f3-fae7-c768ef241166" executionId="599ab9ba-57f6-4b82-aa9d-9653dfb689f1" testListId="8c84fa94-04c1-424b-9868-57a2d4851a1d" />
    <TestEntry testId="accd44ec-1171-638a-2636-4c78c3684aef" executionId="33b32e52-4d4e-4e9f-ac10-08f9caf11375" testListId="8c84fa94-04c1-424b-9868-57a2d4851a1d" />
    <TestEntry testId="58ba7cde-ae0e-a1e0-b4b1-3e75eecc2dac" executionId="c680c089-e1b1-429e-9634-31ccc45145a2" testListId="8c84fa94-04c1-424b-9868-57a2d4851a1d" />
    <TestEntry testId="886b7c5e-93f4-3376-de76-db042552c0e7" executionId="b5bebb67-867c-437e-b55f-850d68bebd88" testListId="8c84fa94-04c1-424b-9868-57a2d4851a1d" />
    <TestEntry testId="2f34da32-b196-0954-2341-f157a646728d" executionId="57aaf852-f438-49d6-8bc3-3489939331cf" testListId="8c84fa94-04c1-424b-9868-57a2d4851a1d" />
    <TestEntry testId="20d2904b-4982-bd00-2df0-3ff1e664dfdc" executionId="a27da447-ac56-4636-9c0f-f7ad21c34491" testListId="8c84fa94-04c1-424b-9868-57a2d4851a1d" />
    <TestEntry testId="26cc45f8-0bd2-5b13-e84f-15e16bb86df3" executionId="00996412-ebc3-41e7-a40d-cb502f10f105" testListId="8c84fa94-04c1-424b-9868-57a2d4851a1d" />
    <TestEntry testId="b7521db9-197b-3442-74fc-dd5200df67b8" executionId="a7d8c3fd-881a-42ee-9787-9f1f3220bdef" testListId="8c84fa94-04c1-424b-9868-57a2d4851a1d" />
    <TestEntry testId="bf9c96e9-fc2f-ce5c-2835-9b7ae76875c5" executionId="0870f44b-c013-4017-b6d5-fdb792621d43" testListId="8c84fa94-04c1-424b-9868-57a2d4851a1d" />
    <TestEntry testId="41e206b3-b39b-a29f-0324-2302f7748a63" executionId="851ac07d-7818-4639-b53b-57aefc183285" testListId="8c84fa94-04c1-424b-9868-57a2d4851a1d" />
    <TestEntry testId="4254185f-dcc7-77a4-3503-b37624af4f8b" executionId="8944d5f7-e1a8-40df-8da7-4da184a3d734" testListId="8c84fa94-04c1-424b-9868-57a2d4851a1d" />
    <TestEntry testId="2c7e577a-838b-bd3a-3432-59cd316a6428" executionId="27500511-7d3e-4c97-9c66-3eb3c6261719" testListId="8c84fa94-04c1-424b-9868-57a2d4851a1d" />
    <TestEntry testId="579c94d2-7dac-6cdf-cc3d-cda5fee30586" executionId="b5e6c029-0372-48a8-bd5d-0c2a88961fdf" testListId="8c84fa94-04c1-424b-9868-57a2d4851a1d" />
    <TestEntry testId="38620740-9376-3668-4747-e9148375ac6a" executionId="bc6481a5-44db-45d9-afcd-e165d19d6d0a" testListId="8c84fa94-04c1-424b-9868-57a2d4851a1d" />
    <TestEntry testId="dd1d5d5c-3fff-a07e-1ffa-f6c4582b8600" executionId="0b1e52a3-a246-489d-bccb-f249add1cc49" testListId="8c84fa94-04c1-424b-9868-57a2d4851a1d" />
    <TestEntry testId="f7078cdc-355f-3191-5442-d4b15086f697" executionId="9c923973-af39-4d54-af24-d929a56a4dcf" testListId="8c84fa94-04c1-424b-9868-57a2d4851a1d" />
    <TestEntry testId="c89f0c90-631c-6c12-2250-df5161b75a3e" executionId="78f9ebba-a3af-4921-802d-113b44141fbd" testListId="8c84fa94-04c1-424b-9868-57a2d4851a1d" />
    <TestEntry testId="3ca3c4dc-3f11-0b9b-9374-30a7f8818d8c" executionId="e56060e0-3d01-45e5-966b-332a8c5ffe4a" testListId="8c84fa94-04c1-424b-9868-57a2d4851a1d" />
    <TestEntry testId="e94a7665-a5d4-e50e-799c-fcf90301294d" executionId="979a645e-b5c3-4a5b-ac2a-2192d8d6648f" testListId="8c84fa94-04c1-424b-9868-57a2d4851a1d" />
    <TestEntry testId="3227dd94-619e-e925-5b7e-c67b974d4f26" executionId="710d1a63-dce2-40c5-bb45-dfc21e0ad9b7" testListId="8c84fa94-04c1-424b-9868-57a2d4851a1d" />
    <TestEntry testId="8fdde902-eb7d-df55-83d5-8ed46564872e" executionId="551c2d1f-09a6-454b-93c5-57d64c1410bc" testListId="8c84fa94-04c1-424b-9868-57a2d4851a1d" />
    <TestEntry testId="a8536887-5e46-bfb4-7c75-90d7fc5ee833" executionId="8063a85b-5d02-4985-89d2-09ff922a9454" testListId="8c84fa94-04c1-424b-9868-57a2d4851a1d" />
    <TestEntry testId="c0ee33ce-2ddd-2ef1-02e0-57e1742a304d" executionId="640683cd-09ec-413f-a2f9-a3c302c67f48" testListId="8c84fa94-04c1-424b-9868-57a2d4851a1d" />
    <TestEntry testId="7ae71d49-419b-ac55-b557-3e2acd0daa4e" executionId="0fc03624-3304-46d0-95ce-ac3b501df0b9" testListId="8c84fa94-04c1-424b-9868-57a2d4851a1d" />
    <TestEntry testId="0e3e4587-2bfe-790c-c38c-05b16f24934e" executionId="f28c2b94-5623-489b-8123-d54f474327d4" testListId="8c84fa94-04c1-424b-9868-57a2d4851a1d" />
    <TestEntry testId="3236b6e1-042f-9c72-8b20-f560c4189691" executionId="b07aca46-2bee-47e7-8af2-a2e03d418d98" testListId="8c84fa94-04c1-424b-9868-57a2d4851a1d" />
  </TestEntries>
  <TestLists>
    <TestList name="Results Not in a List" id="8c84fa94-04c1-424b-9868-57a2d4851a1d" />
    <TestList name="All Loaded Results" id="19431567-8539-422a-85d7-44ee4e166bda" />
  </TestLists>
  <ResultSummary outcome="Failed">
    <Counters total="393" executed="393" passed="392" failed="1" error="0" timeout="0" aborted="0" inconclusive="0" passedButRunAborted="0" notRunnable="0" notExecuted="0" disconnected="0" warning="0" completed="0" inProgress="0" pending="0" />
    <Output>
      <StdOut>[xUnit.net 00:00:00.00] xUnit.net VSTest Adapter v2.8.2+699d445a1a (64-bit .NET 8.0.29)&#xD;
[xUnit.net 00:00:00.14]   Discovering: Kor.Operations.App.Tests&#xD;
[xUnit.net 00:00:00.24]   Discovered:  Kor.Operations.App.Tests&#xD;
[xUnit.net 00:00:00.25]   Starting:    Kor.Operations.App.Tests&#xD;
[xUnit.net 00:00:57.51]       Found 1 empty catch block(s):
DxfToEtabsWindow.xaml.cs(115): empty catch block  swallowed exception, add a log/rethrow or a /*  */ explanation&#xD;
[xUnit.net 00:00:57.51]       Stack Trace:&#xD;
[xUnit.net 00:00:57.51]         C:\VIsual Studio Projects\Operations\Kor.Operations.App\Kor.Transmittals.App.Tests\EmptyCatchBlockTests.cs(52,0): at Kor.Operations.App.Tests.EmptyCatchBlockTests.No_empty_catch_blocks_in_App()&#xD;
[xUnit.net 00:00:57.51]            at System.RuntimeMethodHandle.InvokeMethod(Object target, Void** arguments, Signature sig, Boolean isConstructor)&#xD;
[xUnit.net 00:00:57.51]            at System.Reflection.MethodBaseInvoker.InvokeWithNoArgs(Object obj, BindingFlags invokeAttr)&#xD;
</StdOut>
    </Output>
    <RunInfos>
      <RunInfo computerName="KOR-1001" outcome="Error" timestamp="2026-08-27T16:23:31.1481712-07:00">
        <Text>[xUnit.net 00:00:57.51]     Kor.Operations.App.Tests.EmptyCatchBlockTests.No_empty_catch_blocks_in_App [FAIL]</Text>
      </RunInfo>
      <RunInfo computerName="KOR-1001" outcome="Error" timestamp="2026-08-27T16:24:11.2280683-07:00">
        <Text>The active test run was aborted. Reason: Test host process crashed</Text>
      </RunInfo>
    </RunInfos>
  </ResultSummary>
</TestRun>